<?xml version="1.0" encoding="UTF-8"?>
<!-- Generated by org.testng.reporters.JUnitXMLReporter -->
<testsuite ignored="50" hostname="Renee" failures="0" tests="1" name="Default test(failed)" time="16.514" errors="0" timestamp="2024-03-27T17:46:33 IST">
  <testcase classname="automationSuite.tests.TestSuite_Regression_Suite2" name="TC75_LoginPage_LoginSuccessful" time="5.689"/>
  <testcase classname="automationSuite.tests.TestSuite_Regression_Suite2" name="TC55_Register_InvalidEmail" time="0.0">
    <ignored/>
  </testcase> <!-- TC55_Register_InvalidEmail -->
  <testcase classname="automationSuite.tests.TestSuite_Regression_Suite2" name="TC34_AdvancedPrice_FromToPrice" time="0.0">
    <ignored/>
  </testcase> <!-- TC34_AdvancedPrice_FromToPrice -->
  <testcase classname="automationSuite.tests.TestSuite_Regression_Suite2" name="TC23_Search_NoData" time="0.0">
    <ignored/>
  </testcase> <!-- TC23_Search_NoData -->
  <testcase classname="automationSuite.tests.TestSuite_Regression_Suite2" name="TC49_LoginPage_LoginWithoutInput" time="0.0">
    <ignored/>
  </testcase> <!-- TC49_LoginPage_LoginWithoutInput -->
  <testcase classname="automationSuite.tests.TestSuite_Regression_Suite2" name="TC50_LoginPage_LoginInvalidEmail" time="0.0">
    <ignored/>
  </testcase> <!-- TC50_LoginPage_LoginInvalidEmail -->
  <testcase classname="automationSuite.tests.TestSuite_Regression_Suite2" name="TC54_Register_OnlyFirstNameAndLastName" time="0.0">
    <ignored/>
  </testcase> <!-- TC54_Register_OnlyFirstNameAndLastName -->
  <testcase classname="automationSuite.tests.TestSuite_Regression_Suite2" name="TC74_LoginPage_RegisteredEmailBlankPassword" time="0.0">
    <ignored/>
  </testcase> <!-- TC74_LoginPage_RegisteredEmailBlankPassword -->
  <testcase classname="automationSuite.tests.TestSuite_Regression_Suite2" name="TC25_Search_WrongData" time="0.0">
    <ignored/>
  </testcase> <!-- TC25_Search_WrongData -->
  <testcase classname="automationSuite.tests.TestSuite_Regression_Suite2" name="TC47_LoginPage_ForgetPasswordWithInvalidEmail" time="0.0">
    <ignored/>
  </testcase> <!-- TC47_LoginPage_ForgetPasswordWithInvalidEmail -->
  <testcase classname="automationSuite.tests.TestSuite_Regression_Suite2" name="TC60_Register_OnlyLastName" time="0.0">
    <ignored/>
  </testcase> <!-- TC60_Register_OnlyLastName -->
  <testcase classname="automationSuite.tests.TestSuite_Regression_Suite2" name="TC40_BlogArchiveTags_Link" time="0.0">
    <ignored/>
  </testcase> <!-- TC40_BlogArchiveTags_Link -->
  <testcase classname="automationSuite.tests.TestSuite_Regression_Suite2" name="TC52_Register_NoInput" time="0.0">
    <ignored/>
  </testcase> <!-- TC52_Register_NoInput -->
  <testcase classname="automationSuite.tests.TestSuite_Regression_Suite2" name="TC48_LoginPage_ForgetPasswordWithUnregisteredEmail" time="0.0">
    <ignored/>
  </testcase> <!-- TC48_LoginPage_ForgetPasswordWithUnregisteredEmail -->
  <testcase classname="automationSuite.tests.TestSuite_Regression_Suite2" name="TC51_LoginPage_LoginUnregisteredEmail" time="0.0">
    <ignored/>
  </testcase> <!-- TC51_LoginPage_LoginUnregisteredEmail -->
  <testcase classname="automationSuite.tests.TestSuite_Regression_Suite2" name="TC66_Register_OnlyUserNameMissing" time="0.0">
    <ignored/>
  </testcase> <!-- TC66_Register_OnlyUserNameMissing -->
  <testcase classname="automationSuite.tests.TestSuite_Regression_Suite2" name="TC46_LoginPage_ForgetPasswordWithoutEmail" time="0.0">
    <ignored/>
  </testcase> <!-- TC46_LoginPage_ForgetPasswordWithoutEmail -->
  <testcase classname="automationSuite.tests.TestSuite_Regression_Suite2" name="TC53_Register_OnlyFirstName" time="0.0">
    <ignored/>
  </testcase> <!-- TC53_Register_OnlyFirstName -->
  <testcase classname="automationSuite.tests.TestSuite_Regression_Suite2" name="TC28_AdvancedSearch_WrongCatManufac" time="0.0">
    <ignored/>
  </testcase> <!-- TC28_AdvancedSearch_WrongCatManufac -->
  <testcase classname="automationSuite.tests.TestSuite_Regression_Suite2" name="TC59_Register_ValidEmailInvalidPassword" time="0.0">
    <ignored/>
  </testcase> <!-- TC59_Register_ValidEmailInvalidPassword -->
  <testcase classname="automationSuite.tests.TestSuite_Regression_Suite2" name="TC24_Search_LessData" time="0.0">
    <ignored/>
  </testcase> <!-- TC24_Search_LessData -->
  <testcase classname="automationSuite.tests.TestSuite_Regression_Suite2" name="TC77_LoginPage_LogoutSuccessful" time="0.0">
    <ignored/>
  </testcase> <!-- TC77_LoginPage_LogoutSuccessful -->
  <testcase classname="automationSuite.tests.TestSuite_Regression_Suite2" name="TC67_Register_OnlyLastnameMissing" time="0.0">
    <ignored/>
  </testcase> <!-- TC67_Register_OnlyLastnameMissing -->
  <testcase classname="automationSuite.tests.TestSuite_Regression_Suite2" name="TC32_AdvancedSearch_FromPrice" time="0.0">
    <ignored/>
  </testcase> <!-- TC32_AdvancedSearch_FromPrice -->
  <testcase classname="automationSuite.tests.TestSuite_Regression_Suite2" name="TC41_CheckIfABlogIsLoaded" time="0.0">
    <ignored/>
  </testcase> <!-- TC41_CheckIfABlogIsLoaded -->
  <testcase classname="automationSuite.tests.TestSuite_Regression_Suite2" name="TC56_Register_InvalidPassword" time="0.0">
    <ignored/>
  </testcase> <!-- TC56_Register_InvalidPassword -->
  <testcase classname="automationSuite.tests.TestSuite_Regression_Suite2" name="TC68_Register_WithAlreadyRegisteredUser" time="0.0">
    <ignored/>
  </testcase> <!-- TC68_Register_WithAlreadyRegisteredUser -->
  <testcase classname="automationSuite.tests.TestSuite_Regression_Suite2" name="TC64_Register_OnlyPasswordsMissing" time="0.0">
    <ignored/>
  </testcase> <!-- TC64_Register_OnlyPasswordsMissing -->
  <testcase classname="automationSuite.tests.TestSuite_Regression_Suite2" name="TC30_AdvancedSearch_Subcategory" time="0.0">
    <ignored/>
  </testcase> <!-- TC30_AdvancedSearch_Subcategory -->
  <testcase classname="automationSuite.tests.TestSuite_Regression_Suite2" name="TC57_Register_ConfirmpasswordMismatch" time="0.0">
    <ignored/>
  </testcase> <!-- TC57_Register_ConfirmpasswordMismatch -->
  <testcase classname="automationSuite.tests.TestSuite_Regression_Suite2" name="TC62_Register_OnlyEmailAndPassword" time="0.0">
    <ignored/>
  </testcase> <!-- TC62_Register_OnlyEmailAndPassword -->
  <testcase classname="automationSuite.tests.TestSuite_Regression_Suite2" name="TC65_Register_OnlyConfirmPasswordMissing" time="0.0">
    <ignored/>
  </testcase> <!-- TC65_Register_OnlyConfirmPasswordMissing -->
  <testcase classname="automationSuite.tests.TestSuite_Regression_Suite2" name="TC31_AdvancedSearch_ProductDescription" time="0.0">
    <ignored/>
  </testcase> <!-- TC31_AdvancedSearch_ProductDescription -->
  <testcase classname="automationSuite.tests.TestSuite_Regression_Suite2" name="TC81_User_NavigateFromGoToCart" time="0.0">
    <ignored/>
  </testcase> <!-- TC81_User_NavigateFromGoToCart -->
  <testcase classname="automationSuite.tests.TestSuite_Regression_Suite2" name="TC29_AdvancedSearch_AllData" time="0.0">
    <ignored/>
  </testcase> <!-- TC29_AdvancedSearch_AllData -->
  <testcase classname="automationSuite.tests.TestSuite_Regression_Suite2" name="TC39_BlogTagsLink" time="0.0">
    <ignored/>
  </testcase> <!-- TC39_BlogTagsLink -->
  <testcase classname="automationSuite.tests.TestSuite_Regression_Suite2" name="TC71_MainPage_SubscribeWithInvalidEmail" time="0.0">
    <ignored/>
  </testcase> <!-- TC71_MainPage_SubscribeWithInvalidEmail -->
  <testcase classname="automationSuite.tests.TestSuite_Regression_Suite2" name="TC78_CartPageInvalidDiscountCode" time="0.0">
    <ignored/>
  </testcase> <!-- TC78_CartPageInvalidDiscountCode -->
  <testcase classname="automationSuite.tests.TestSuite_Regression_Suite2" name="TC76_LoginPage_LoginSuccessfulWithRememberMe" time="0.0">
    <ignored/>
  </testcase> <!-- TC76_LoginPage_LoginSuccessfulWithRememberMe -->
  <testcase classname="automationSuite.tests.TestSuite_Regression_Suite2" name="TC58_Register_ConfirmpasswordLengthMismatch" time="0.0">
    <ignored/>
  </testcase> <!-- TC58_Register_ConfirmpasswordLengthMismatch -->
  <testcase classname="automationSuite.tests.TestSuite_Regression_Suite2" name="TC27_AdvancedSearch_WrongCategory" time="0.0">
    <ignored/>
  </testcase> <!-- TC27_AdvancedSearch_WrongCategory -->
  <testcase classname="automationSuite.tests.TestSuite_Regression_Suite2" name="TC33_AdvancedSearch_ToPrice" time="0.0">
    <ignored/>
  </testcase> <!-- TC33_AdvancedSearch_ToPrice -->
  <testcase classname="automationSuite.tests.TestSuite_Regression_Suite2" name="TC26_Search_CorrectData" time="0.0">
    <ignored/>
  </testcase> <!-- TC26_Search_CorrectData -->
  <testcase classname="automationSuite.tests.TestSuite_Regression_Suite2" name="TC79_CartPageInvalidGiftCard" time="0.0">
    <ignored/>
  </testcase> <!-- TC79_CartPageInvalidGiftCard -->
  <testcase classname="automationSuite.tests.TestSuite_Regression_Suite2" name="TC73_LoginPage_ForgetPasswordWithRegisteredEmail" time="0.0">
    <ignored/>
  </testcase> <!-- TC73_LoginPage_ForgetPasswordWithRegisteredEmail -->
  <testcase classname="automationSuite.tests.TestSuite_Regression_Suite2" name="TC80_User_CheckShoppingCartCountAfterAddingProduct" time="0.0">
    <ignored/>
  </testcase> <!-- TC80_User_CheckShoppingCartCountAfterAddingProduct -->
  <testcase classname="automationSuite.tests.TestSuite_Regression_Suite2" name="TC63_Register_OnlyEmailMissing" time="0.0">
    <ignored/>
  </testcase> <!-- TC63_Register_OnlyEmailMissing -->
  <testcase classname="automationSuite.tests.TestSuite_Regression_Suite2" name="TC42_CheckRecentlyViewedProduct" time="0.0">
    <ignored/>
  </testcase> <!-- TC42_CheckRecentlyViewedProduct -->
  <testcase classname="automationSuite.tests.TestSuite_Regression_Suite2" name="TC72_MainPage_SubscribeWithValidEmail" time="0.0">
    <ignored/>
  </testcase> <!-- TC72_MainPage_SubscribeWithValidEmail -->
  <testcase classname="automationSuite.tests.TestSuite_Regression_Suite2" name="TC69_Register_CheckIfUserIsAbleToSelectGender" time="0.0">
    <ignored/>
  </testcase> <!-- TC69_Register_CheckIfUserIsAbleToSelectGender -->
  <testcase classname="automationSuite.tests.TestSuite_Regression_Suite2" name="TC61_Register_OnlyEmail" time="0.0">
    <ignored/>
  </testcase> <!-- TC61_Register_OnlyEmail -->
</testsuite> <!-- Default test(failed) -->
