<?xml version="1.0" encoding="UTF-8"?>
<!-- Generated by org.testng.reporters.JUnitXMLReporter -->
<testsuite ignored="0" hostname="Renee" failures="0" tests="81" name="Test" time="668.83" errors="0" timestamp="2024-03-31T10:55:36 IST">
  <testcase classname="automationSuite.tests.TestSuite_Regression_Suite1" name="TC01_CheckIfSiteIsRunning" time="2.347"/>
  <testcase classname="automationSuite.tests.TestSuite_Regression_Suite1" name="TC02_CheckIfLoginPageIsRunning" time="2.1"/>
  <testcase classname="automationSuite.tests.TestSuite_Regression_Suite1" name="TC03_CheckIfRegisterPageIsRunning" time="1.837"/>
  <testcase classname="automationSuite.tests.TestSuite_Regression_Suite1" name="TC04_CheckIfShoppingCartPageIsRunning" time="1.911"/>
  <testcase classname="automationSuite.tests.TestSuite_Regression_Suite1" name="TC05_CheckIfWishlistPageIsRunning" time="1.399"/>
  <testcase classname="automationSuite.tests.TestSuite_Regression_Suite1" name="TC06_CheckIfContactUsPageIsRunning" time="1.422"/>
  <testcase classname="automationSuite.tests.TestSuite_Regression_Suite1" name="TC07_CheckIfShippingReturnsPageIsRunning" time="1.456"/>
  <testcase classname="automationSuite.tests.TestSuite_Regression_Suite1" name="TC08_CheckIfFeatureProductsAreDisplayed" time="0.15"/>
  <testcase classname="automationSuite.tests.TestSuite_Regression_Suite1" name="TC09_CheckIfCommunityPollIsDisplayed" time="0.099"/>
  <testcase classname="automationSuite.tests.TestSuite_Regression_Suite1" name="TC10_CheckIfNewsletterIsDisplayed" time="0.1"/>
  <testcase classname="automationSuite.tests.TestSuite_Regression_Suite1" name="TC11_CheckIfCategoryIsDisplayed" time="0.097"/>
  <testcase classname="automationSuite.tests.TestSuite_Regression_Suite1" name="TC12_CheckIfManufacturerIsDisplayed" time="0.128"/>
  <testcase classname="automationSuite.tests.TestSuite_Regression_Suite1" name="TC13_CheckIfPopularTagIsDisplayed" time="0.092"/>
  <testcase classname="automationSuite.tests.TestSuite_Regression_Suite1" name="TC14_CheckIfCartQuantityIsDisplayed" time="0.085"/>
  <testcase classname="automationSuite.tests.TestSuite_Regression_Suite1" name="TC15_CheckIfWishlistQuantityIsDisplayed" time="0.123"/>
  <testcase classname="automationSuite.tests.TestSuite_Regression_Suite1" name="TC16_CheckPopulatTagLink" time="1.857"/>
  <testcase classname="automationSuite.tests.TestSuite_Regression_Suite1" name="TC17_CheckPopularTagViewAll" time="1.553"/>
  <testcase classname="automationSuite.tests.TestSuite_Regression_Suite1" name="TC18_CheckCategoryLink" time="1.645"/>
  <testcase classname="automationSuite.tests.TestSuite_Regression_Suite1" name="TC19_CheckSubCategoryLink" time="3.575"/>
  <testcase classname="automationSuite.tests.TestSuite_Regression_Suite1" name="TC20_CheckCategoryLink_InHeader" time="1.641"/>
  <testcase classname="automationSuite.tests.TestSuite_Regression_Suite1" name="TC21_CheckSubCategoryLink_InHeader" time="2.139"/>
  <testcase classname="automationSuite.tests.TestSuite_Regression_Suite1" name="TC22_NavigatetoHomePage" time="2.679"/>
  <testcase classname="automationSuite.tests.TestSuite_Regression_Suite1" name="TC35_NewProductLink" time="1.574"/>
  <testcase classname="automationSuite.tests.TestSuite_Regression_Suite1" name="TC36_CompareProductsList" time="1.37"/>
  <testcase classname="automationSuite.tests.TestSuite_Regression_Suite1" name="TC37_NewsLink" time="1.72"/>
  <testcase classname="automationSuite.tests.TestSuite_Regression_Suite1" name="TC38_BlogLink" time="1.537"/>
  <testcase classname="automationSuite.tests.TestSuite_Regression_Suite1" name="TC43_CheckRecentlyViewedProductLink" time="1.381"/>
  <testcase classname="automationSuite.tests.TestSuite_Regression_Suite1" name="TC44_CheckIfUserCanNavigateToYoutubeLink" time="7.592"/>
  <testcase classname="automationSuite.tests.TestSuite_Regression_Suite1" name="TC45_LoginPage_CheckIfForgerPasswordLinkIsWorking" time="2.676"/>
  <testcase classname="automationSuite.tests.TestSuite_Regression_Suite1" name="TC70_MainPage_SubscribeIsDisplayed" time="0.123"/>
  <testcase classname="automationSuite.tests.TestSuite_Regression_Suite2" name="TC23_Search_NoData" time="0.2"/>
  <testcase classname="automationSuite.tests.TestSuite_Regression_Suite2" name="TC24_Search_LessData" time="2.05"/>
  <testcase classname="automationSuite.tests.TestSuite_Regression_Suite2" name="TC25_Search_WrongData" time="1.732"/>
  <testcase classname="automationSuite.tests.TestSuite_Regression_Suite2" name="TC26_Search_CorrectData" time="1.871"/>
  <testcase classname="automationSuite.tests.TestSuite_Regression_Suite2" name="TC27_AdvancedSearch_WrongCategory" time="3.725"/>
  <testcase classname="automationSuite.tests.TestSuite_Regression_Suite2" name="TC28_AdvancedSearch_WrongCatManufac" time="3.808"/>
  <testcase classname="automationSuite.tests.TestSuite_Regression_Suite2" name="TC29_AdvancedSearch_AllData" time="3.581"/>
  <testcase classname="automationSuite.tests.TestSuite_Regression_Suite2" name="TC30_AdvancedSearch_Subcategory" time="3.839"/>
  <testcase classname="automationSuite.tests.TestSuite_Regression_Suite2" name="TC31_AdvancedSearch_ProductDescription" time="3.941"/>
  <testcase classname="automationSuite.tests.TestSuite_Regression_Suite2" name="TC32_AdvancedSearch_FromPrice" time="3.612"/>
  <testcase classname="automationSuite.tests.TestSuite_Regression_Suite2" name="TC33_AdvancedSearch_ToPrice" time="3.529"/>
  <testcase classname="automationSuite.tests.TestSuite_Regression_Suite2" name="TC34_AdvancedPrice_FromToPrice" time="3.987"/>
  <testcase classname="automationSuite.tests.TestSuite_Regression_Suite2" name="TC39_BlogTagsLink" time="2.854"/>
  <testcase classname="automationSuite.tests.TestSuite_Regression_Suite2" name="TC40_BlogArchiveTags_Link" time="2.732"/>
  <testcase classname="automationSuite.tests.TestSuite_Regression_Suite2" name="TC41_CheckIfABlogIsLoaded" time="11.156"/>
  <testcase classname="automationSuite.tests.TestSuite_Regression_Suite2" name="TC42_CheckRecentlyViewedProduct" time="3.519"/>
  <testcase classname="automationSuite.tests.TestSuite_Regression_Suite2" name="TC46_LoginPage_ForgetPasswordWithoutEmail" time="2.455"/>
  <testcase classname="automationSuite.tests.TestSuite_Regression_Suite2" name="TC47_LoginPage_ForgetPasswordWithInvalidEmail" time="6.211"/>
  <testcase classname="automationSuite.tests.TestSuite_Regression_Suite2" name="TC48_LoginPage_ForgetPasswordWithUnregisteredEmail" time="3.908"/>
  <testcase classname="automationSuite.tests.TestSuite_Regression_Suite2" name="TC49_LoginPage_LoginWithoutInput" time="2.876"/>
  <testcase classname="automationSuite.tests.TestSuite_Regression_Suite2" name="TC50_LoginPage_LoginInvalidEmail" time="1.506"/>
  <testcase classname="automationSuite.tests.TestSuite_Regression_Suite2" name="TC51_LoginPage_LoginUnregisteredEmail" time="2.925"/>
  <testcase classname="automationSuite.tests.TestSuite_Regression_Suite2" name="TC52_Register_NoInput" time="1.784"/>
  <testcase classname="automationSuite.tests.TestSuite_Regression_Suite2" name="TC53_Register_OnlyFirstName" time="1.699"/>
  <testcase classname="automationSuite.tests.TestSuite_Regression_Suite2" name="TC54_Register_OnlyFirstNameAndLastName" time="2.118"/>
  <testcase classname="automationSuite.tests.TestSuite_Regression_Suite2" name="TC55_Register_InvalidEmail" time="1.915"/>
  <testcase classname="automationSuite.tests.TestSuite_Regression_Suite2" name="TC56_Register_InvalidPassword" time="1.699"/>
  <testcase classname="automationSuite.tests.TestSuite_Regression_Suite2" name="TC57_Register_ConfirmpasswordMismatch" time="1.706"/>
  <testcase classname="automationSuite.tests.TestSuite_Regression_Suite2" name="TC58_Register_ConfirmpasswordLengthMismatch" time="1.821"/>
  <testcase classname="automationSuite.tests.TestSuite_Regression_Suite2" name="TC59_Register_ValidEmailInvalidPassword" time="2.146"/>
  <testcase classname="automationSuite.tests.TestSuite_Regression_Suite2" name="TC60_Register_OnlyLastName" time="1.65"/>
  <testcase classname="automationSuite.tests.TestSuite_Regression_Suite2" name="TC61_Register_OnlyEmail" time="1.691"/>
  <testcase classname="automationSuite.tests.TestSuite_Regression_Suite2" name="TC62_Register_OnlyEmailAndPassword" time="1.865"/>
  <testcase classname="automationSuite.tests.TestSuite_Regression_Suite2" name="TC63_Register_OnlyEmailMissing" time="2.15"/>
  <testcase classname="automationSuite.tests.TestSuite_Regression_Suite2" name="TC64_Register_OnlyPasswordsMissing" time="1.937"/>
  <testcase classname="automationSuite.tests.TestSuite_Regression_Suite2" name="TC65_Register_OnlyConfirmPasswordMissing" time="2.039"/>
  <testcase classname="automationSuite.tests.TestSuite_Regression_Suite2" name="TC66_Register_OnlyUserNameMissing" time="3.186"/>
  <testcase classname="automationSuite.tests.TestSuite_Regression_Suite2" name="TC67_Register_OnlyLastnameMissing" time="2.39"/>
  <testcase classname="automationSuite.tests.TestSuite_Regression_Suite2" name="TC68_Register_WithAlreadyRegisteredUser" time="3.391"/>
  <testcase classname="automationSuite.tests.TestSuite_Regression_Suite2" name="TC69_Register_CheckIfUserIsAbleToSelectGender" time="1.444"/>
  <testcase classname="automationSuite.tests.TestSuite_Regression_Suite2" name="TC71_MainPage_SubscribeWithInvalidEmail" time="0.984"/>
  <testcase classname="automationSuite.tests.TestSuite_Regression_Suite2" name="TC72_MainPage_SubscribeWithValidEmail" time="0.949"/>
  <testcase classname="automationSuite.tests.TestSuite_Regression_Suite2" name="TC73_LoginPage_ForgetPasswordWithRegisteredEmail" time="4.093"/>
  <testcase classname="automationSuite.tests.TestSuite_Regression_Suite2" name="TC74_LoginPage_RegisteredEmailBlankPassword" time="2.996"/>
  <testcase classname="automationSuite.tests.TestSuite_Regression_Suite2" name="TC75_LoginPage_LoginSuccessful" time="4.151"/>
  <testcase classname="automationSuite.tests.TestSuite_Regression_Suite2" name="TC76_LoginPage_LoginSuccessfulWithRememberMe" time="3.388"/>
  <testcase classname="automationSuite.tests.TestSuite_Regression_Suite2" name="TC77_LoginPage_LogoutSuccessful" time="5.215"/>
  <testcase classname="automationSuite.tests.TestSuite_Regression_Suite2" name="TC78_CartPageInvalidDiscountCode" time="8.49"/>
  <testcase classname="automationSuite.tests.TestSuite_Regression_Suite2" name="TC79_CartPageInvalidGiftCard" time="11.169"/>
  <testcase classname="automationSuite.tests.TestSuite_Regression_Suite2" name="TC80_User_CheckShoppingCartCountAfterAddingProduct" time="6.616"/>
  <testcase classname="automationSuite.tests.TestSuite_Regression_Suite2" name="TC81_User_NavigateFromGoToCart" time="8.446"/>
</testsuite> <!-- Test -->
