<?xml version="1.0" encoding="UTF-8"?>
<testng-results ignored="0" total="81" passed="81" failed="0" skipped="0">
  <reporter-output>
  </reporter-output>
  <suite started-at="2024-03-31T10:44:27 IST" name="Suite" finished-at="2024-03-31T10:55:36 IST" duration-ms="668830">
    <groups>
    </groups>
    <test started-at="2024-03-31T10:44:27 IST" name="Test" finished-at="2024-03-31T10:55:36 IST" duration-ms="668830">
      <class name="automationSuite.tests.TestSuite_Regression_Suite1">
        <test-method is-config="true" signature="launchApplication()[pri:0, instance:automationSuite.tests.TestSuite_Regression_Suite1@7f132176]" started-at="2024-03-31T10:44:27 IST" name="launchApplication" finished-at="2024-03-31T10:44:47 IST" duration-ms="19547" status="PASS">
          <reporter-output>
          </reporter-output>
        </test-method> <!-- launchApplication -->
        <test-method signature="TC01_CheckIfSiteIsRunning()[pri:0, instance:automationSuite.tests.TestSuite_Regression_Suite1@7f132176]" started-at="2024-03-31T10:44:47 IST" name="TC01_CheckIfSiteIsRunning" finished-at="2024-03-31T10:44:49 IST" duration-ms="2347" status="PASS">
          <reporter-output>
          </reporter-output>
        </test-method> <!-- TC01_CheckIfSiteIsRunning -->
        <test-method is-config="true" signature="tearDown()[pri:0, instance:automationSuite.tests.TestSuite_Regression_Suite1@7f132176]" started-at="2024-03-31T10:44:49 IST" name="tearDown" finished-at="2024-03-31T10:44:50 IST" duration-ms="587" status="PASS">
          <reporter-output>
          </reporter-output>
        </test-method> <!-- tearDown -->
        <test-method is-config="true" signature="launchApplication()[pri:0, instance:automationSuite.tests.TestSuite_Regression_Suite1@7f132176]" started-at="2024-03-31T10:44:50 IST" name="launchApplication" finished-at="2024-03-31T10:44:57 IST" duration-ms="7017" status="PASS">
          <reporter-output>
          </reporter-output>
        </test-method> <!-- launchApplication -->
        <test-method signature="TC02_CheckIfLoginPageIsRunning()[pri:0, instance:automationSuite.tests.TestSuite_Regression_Suite1@7f132176]" started-at="2024-03-31T10:44:57 IST" name="TC02_CheckIfLoginPageIsRunning" finished-at="2024-03-31T10:44:59 IST" duration-ms="2100" status="PASS">
          <reporter-output>
          </reporter-output>
        </test-method> <!-- TC02_CheckIfLoginPageIsRunning -->
        <test-method is-config="true" signature="tearDown()[pri:0, instance:automationSuite.tests.TestSuite_Regression_Suite1@7f132176]" started-at="2024-03-31T10:44:59 IST" name="tearDown" finished-at="2024-03-31T10:44:59 IST" duration-ms="216" status="PASS">
          <reporter-output>
          </reporter-output>
        </test-method> <!-- tearDown -->
        <test-method is-config="true" signature="launchApplication()[pri:0, instance:automationSuite.tests.TestSuite_Regression_Suite1@7f132176]" started-at="2024-03-31T10:44:59 IST" name="launchApplication" finished-at="2024-03-31T10:45:06 IST" duration-ms="6608" status="PASS">
          <reporter-output>
          </reporter-output>
        </test-method> <!-- launchApplication -->
        <test-method signature="TC03_CheckIfRegisterPageIsRunning()[pri:0, instance:automationSuite.tests.TestSuite_Regression_Suite1@7f132176]" started-at="2024-03-31T10:45:06 IST" name="TC03_CheckIfRegisterPageIsRunning" finished-at="2024-03-31T10:45:08 IST" duration-ms="1837" status="PASS">
          <reporter-output>
          </reporter-output>
        </test-method> <!-- TC03_CheckIfRegisterPageIsRunning -->
        <test-method is-config="true" signature="tearDown()[pri:0, instance:automationSuite.tests.TestSuite_Regression_Suite1@7f132176]" started-at="2024-03-31T10:45:08 IST" name="tearDown" finished-at="2024-03-31T10:45:08 IST" duration-ms="227" status="PASS">
          <reporter-output>
          </reporter-output>
        </test-method> <!-- tearDown -->
        <test-method is-config="true" signature="launchApplication()[pri:0, instance:automationSuite.tests.TestSuite_Regression_Suite1@7f132176]" started-at="2024-03-31T10:45:08 IST" name="launchApplication" finished-at="2024-03-31T10:45:15 IST" duration-ms="6960" status="PASS">
          <reporter-output>
          </reporter-output>
        </test-method> <!-- launchApplication -->
        <test-method signature="TC04_CheckIfShoppingCartPageIsRunning()[pri:0, instance:automationSuite.tests.TestSuite_Regression_Suite1@7f132176]" started-at="2024-03-31T10:45:15 IST" name="TC04_CheckIfShoppingCartPageIsRunning" finished-at="2024-03-31T10:45:17 IST" duration-ms="1911" status="PASS">
          <reporter-output>
          </reporter-output>
        </test-method> <!-- TC04_CheckIfShoppingCartPageIsRunning -->
        <test-method is-config="true" signature="tearDown()[pri:0, instance:automationSuite.tests.TestSuite_Regression_Suite1@7f132176]" started-at="2024-03-31T10:45:17 IST" name="tearDown" finished-at="2024-03-31T10:45:17 IST" duration-ms="200" status="PASS">
          <reporter-output>
          </reporter-output>
        </test-method> <!-- tearDown -->
        <test-method is-config="true" signature="launchApplication()[pri:0, instance:automationSuite.tests.TestSuite_Regression_Suite1@7f132176]" started-at="2024-03-31T10:45:17 IST" name="launchApplication" finished-at="2024-03-31T10:45:23 IST" duration-ms="6454" status="PASS">
          <reporter-output>
          </reporter-output>
        </test-method> <!-- launchApplication -->
        <test-method signature="TC05_CheckIfWishlistPageIsRunning()[pri:0, instance:automationSuite.tests.TestSuite_Regression_Suite1@7f132176]" started-at="2024-03-31T10:45:23 IST" name="TC05_CheckIfWishlistPageIsRunning" finished-at="2024-03-31T10:45:25 IST" duration-ms="1399" status="PASS">
          <reporter-output>
          </reporter-output>
        </test-method> <!-- TC05_CheckIfWishlistPageIsRunning -->
        <test-method is-config="true" signature="tearDown()[pri:0, instance:automationSuite.tests.TestSuite_Regression_Suite1@7f132176]" started-at="2024-03-31T10:45:25 IST" name="tearDown" finished-at="2024-03-31T10:45:25 IST" duration-ms="132" status="PASS">
          <reporter-output>
          </reporter-output>
        </test-method> <!-- tearDown -->
        <test-method is-config="true" signature="launchApplication()[pri:0, instance:automationSuite.tests.TestSuite_Regression_Suite1@7f132176]" started-at="2024-03-31T10:45:25 IST" name="launchApplication" finished-at="2024-03-31T10:45:31 IST" duration-ms="5685" status="PASS">
          <reporter-output>
          </reporter-output>
        </test-method> <!-- launchApplication -->
        <test-method signature="TC06_CheckIfContactUsPageIsRunning()[pri:0, instance:automationSuite.tests.TestSuite_Regression_Suite1@7f132176]" started-at="2024-03-31T10:45:31 IST" name="TC06_CheckIfContactUsPageIsRunning" finished-at="2024-03-31T10:45:32 IST" duration-ms="1422" status="PASS">
          <reporter-output>
          </reporter-output>
        </test-method> <!-- TC06_CheckIfContactUsPageIsRunning -->
        <test-method is-config="true" signature="tearDown()[pri:0, instance:automationSuite.tests.TestSuite_Regression_Suite1@7f132176]" started-at="2024-03-31T10:45:32 IST" name="tearDown" finished-at="2024-03-31T10:45:32 IST" duration-ms="167" status="PASS">
          <reporter-output>
          </reporter-output>
        </test-method> <!-- tearDown -->
        <test-method is-config="true" signature="launchApplication()[pri:0, instance:automationSuite.tests.TestSuite_Regression_Suite1@7f132176]" started-at="2024-03-31T10:45:32 IST" name="launchApplication" finished-at="2024-03-31T10:45:37 IST" duration-ms="5103" status="PASS">
          <reporter-output>
          </reporter-output>
        </test-method> <!-- launchApplication -->
        <test-method signature="TC07_CheckIfShippingReturnsPageIsRunning()[pri:0, instance:automationSuite.tests.TestSuite_Regression_Suite1@7f132176]" started-at="2024-03-31T10:45:37 IST" name="TC07_CheckIfShippingReturnsPageIsRunning" finished-at="2024-03-31T10:45:39 IST" duration-ms="1456" status="PASS">
          <reporter-output>
          </reporter-output>
        </test-method> <!-- TC07_CheckIfShippingReturnsPageIsRunning -->
        <test-method is-config="true" signature="tearDown()[pri:0, instance:automationSuite.tests.TestSuite_Regression_Suite1@7f132176]" started-at="2024-03-31T10:45:39 IST" name="tearDown" finished-at="2024-03-31T10:45:39 IST" duration-ms="155" status="PASS">
          <reporter-output>
          </reporter-output>
        </test-method> <!-- tearDown -->
        <test-method is-config="true" signature="launchApplication()[pri:0, instance:automationSuite.tests.TestSuite_Regression_Suite1@7f132176]" started-at="2024-03-31T10:45:39 IST" name="launchApplication" finished-at="2024-03-31T10:45:44 IST" duration-ms="4866" status="PASS">
          <reporter-output>
          </reporter-output>
        </test-method> <!-- launchApplication -->
        <test-method signature="TC08_CheckIfFeatureProductsAreDisplayed()[pri:0, instance:automationSuite.tests.TestSuite_Regression_Suite1@7f132176]" started-at="2024-03-31T10:45:44 IST" name="TC08_CheckIfFeatureProductsAreDisplayed" finished-at="2024-03-31T10:45:44 IST" duration-ms="150" status="PASS">
          <reporter-output>
          </reporter-output>
        </test-method> <!-- TC08_CheckIfFeatureProductsAreDisplayed -->
        <test-method is-config="true" signature="tearDown()[pri:0, instance:automationSuite.tests.TestSuite_Regression_Suite1@7f132176]" started-at="2024-03-31T10:45:44 IST" name="tearDown" finished-at="2024-03-31T10:45:44 IST" duration-ms="149" status="PASS">
          <reporter-output>
          </reporter-output>
        </test-method> <!-- tearDown -->
        <test-method is-config="true" signature="launchApplication()[pri:0, instance:automationSuite.tests.TestSuite_Regression_Suite1@7f132176]" started-at="2024-03-31T10:45:44 IST" name="launchApplication" finished-at="2024-03-31T10:45:49 IST" duration-ms="4863" status="PASS">
          <reporter-output>
          </reporter-output>
        </test-method> <!-- launchApplication -->
        <test-method signature="TC09_CheckIfCommunityPollIsDisplayed()[pri:0, instance:automationSuite.tests.TestSuite_Regression_Suite1@7f132176]" started-at="2024-03-31T10:45:49 IST" name="TC09_CheckIfCommunityPollIsDisplayed" finished-at="2024-03-31T10:45:49 IST" duration-ms="99" status="PASS">
          <reporter-output>
          </reporter-output>
        </test-method> <!-- TC09_CheckIfCommunityPollIsDisplayed -->
        <test-method is-config="true" signature="tearDown()[pri:0, instance:automationSuite.tests.TestSuite_Regression_Suite1@7f132176]" started-at="2024-03-31T10:45:49 IST" name="tearDown" finished-at="2024-03-31T10:45:49 IST" duration-ms="156" status="PASS">
          <reporter-output>
          </reporter-output>
        </test-method> <!-- tearDown -->
        <test-method is-config="true" signature="launchApplication()[pri:0, instance:automationSuite.tests.TestSuite_Regression_Suite1@7f132176]" started-at="2024-03-31T10:45:49 IST" name="launchApplication" finished-at="2024-03-31T10:45:54 IST" duration-ms="5036" status="PASS">
          <reporter-output>
          </reporter-output>
        </test-method> <!-- launchApplication -->
        <test-method signature="TC10_CheckIfNewsletterIsDisplayed()[pri:0, instance:automationSuite.tests.TestSuite_Regression_Suite1@7f132176]" started-at="2024-03-31T10:45:54 IST" name="TC10_CheckIfNewsletterIsDisplayed" finished-at="2024-03-31T10:45:54 IST" duration-ms="100" status="PASS">
          <reporter-output>
          </reporter-output>
        </test-method> <!-- TC10_CheckIfNewsletterIsDisplayed -->
        <test-method is-config="true" signature="tearDown()[pri:0, instance:automationSuite.tests.TestSuite_Regression_Suite1@7f132176]" started-at="2024-03-31T10:45:54 IST" name="tearDown" finished-at="2024-03-31T10:45:55 IST" duration-ms="133" status="PASS">
          <reporter-output>
          </reporter-output>
        </test-method> <!-- tearDown -->
        <test-method is-config="true" signature="launchApplication()[pri:0, instance:automationSuite.tests.TestSuite_Regression_Suite1@7f132176]" started-at="2024-03-31T10:45:55 IST" name="launchApplication" finished-at="2024-03-31T10:46:00 IST" duration-ms="5066" status="PASS">
          <reporter-output>
          </reporter-output>
        </test-method> <!-- launchApplication -->
        <test-method signature="TC11_CheckIfCategoryIsDisplayed()[pri:0, instance:automationSuite.tests.TestSuite_Regression_Suite1@7f132176]" started-at="2024-03-31T10:46:00 IST" name="TC11_CheckIfCategoryIsDisplayed" finished-at="2024-03-31T10:46:00 IST" duration-ms="97" status="PASS">
          <reporter-output>
          </reporter-output>
        </test-method> <!-- TC11_CheckIfCategoryIsDisplayed -->
        <test-method is-config="true" signature="tearDown()[pri:0, instance:automationSuite.tests.TestSuite_Regression_Suite1@7f132176]" started-at="2024-03-31T10:46:00 IST" name="tearDown" finished-at="2024-03-31T10:46:00 IST" duration-ms="159" status="PASS">
          <reporter-output>
          </reporter-output>
        </test-method> <!-- tearDown -->
        <test-method is-config="true" signature="launchApplication()[pri:0, instance:automationSuite.tests.TestSuite_Regression_Suite1@7f132176]" started-at="2024-03-31T10:46:00 IST" name="launchApplication" finished-at="2024-03-31T10:46:05 IST" duration-ms="5177" status="PASS">
          <reporter-output>
          </reporter-output>
        </test-method> <!-- launchApplication -->
        <test-method signature="TC12_CheckIfManufacturerIsDisplayed()[pri:0, instance:automationSuite.tests.TestSuite_Regression_Suite1@7f132176]" started-at="2024-03-31T10:46:05 IST" name="TC12_CheckIfManufacturerIsDisplayed" finished-at="2024-03-31T10:46:05 IST" duration-ms="128" status="PASS">
          <reporter-output>
          </reporter-output>
        </test-method> <!-- TC12_CheckIfManufacturerIsDisplayed -->
        <test-method is-config="true" signature="tearDown()[pri:0, instance:automationSuite.tests.TestSuite_Regression_Suite1@7f132176]" started-at="2024-03-31T10:46:05 IST" name="tearDown" finished-at="2024-03-31T10:46:05 IST" duration-ms="133" status="PASS">
          <reporter-output>
          </reporter-output>
        </test-method> <!-- tearDown -->
        <test-method is-config="true" signature="launchApplication()[pri:0, instance:automationSuite.tests.TestSuite_Regression_Suite1@7f132176]" started-at="2024-03-31T10:46:05 IST" name="launchApplication" finished-at="2024-03-31T10:46:10 IST" duration-ms="5063" status="PASS">
          <reporter-output>
          </reporter-output>
        </test-method> <!-- launchApplication -->
        <test-method signature="TC13_CheckIfPopularTagIsDisplayed()[pri:0, instance:automationSuite.tests.TestSuite_Regression_Suite1@7f132176]" started-at="2024-03-31T10:46:10 IST" name="TC13_CheckIfPopularTagIsDisplayed" finished-at="2024-03-31T10:46:10 IST" duration-ms="92" status="PASS">
          <reporter-output>
          </reporter-output>
        </test-method> <!-- TC13_CheckIfPopularTagIsDisplayed -->
        <test-method is-config="true" signature="tearDown()[pri:0, instance:automationSuite.tests.TestSuite_Regression_Suite1@7f132176]" started-at="2024-03-31T10:46:10 IST" name="tearDown" finished-at="2024-03-31T10:46:11 IST" duration-ms="145" status="PASS">
          <reporter-output>
          </reporter-output>
        </test-method> <!-- tearDown -->
        <test-method is-config="true" signature="launchApplication()[pri:0, instance:automationSuite.tests.TestSuite_Regression_Suite1@7f132176]" started-at="2024-03-31T10:46:11 IST" name="launchApplication" finished-at="2024-03-31T10:46:15 IST" duration-ms="4799" status="PASS">
          <reporter-output>
          </reporter-output>
        </test-method> <!-- launchApplication -->
        <test-method signature="TC14_CheckIfCartQuantityIsDisplayed()[pri:0, instance:automationSuite.tests.TestSuite_Regression_Suite1@7f132176]" started-at="2024-03-31T10:46:15 IST" name="TC14_CheckIfCartQuantityIsDisplayed" finished-at="2024-03-31T10:46:15 IST" duration-ms="85" status="PASS">
          <reporter-output>
          </reporter-output>
        </test-method> <!-- TC14_CheckIfCartQuantityIsDisplayed -->
        <test-method is-config="true" signature="tearDown()[pri:0, instance:automationSuite.tests.TestSuite_Regression_Suite1@7f132176]" started-at="2024-03-31T10:46:15 IST" name="tearDown" finished-at="2024-03-31T10:46:16 IST" duration-ms="129" status="PASS">
          <reporter-output>
          </reporter-output>
        </test-method> <!-- tearDown -->
        <test-method is-config="true" signature="launchApplication()[pri:0, instance:automationSuite.tests.TestSuite_Regression_Suite1@7f132176]" started-at="2024-03-31T10:46:16 IST" name="launchApplication" finished-at="2024-03-31T10:46:21 IST" duration-ms="5116" status="PASS">
          <reporter-output>
          </reporter-output>
        </test-method> <!-- launchApplication -->
        <test-method signature="TC15_CheckIfWishlistQuantityIsDisplayed()[pri:0, instance:automationSuite.tests.TestSuite_Regression_Suite1@7f132176]" started-at="2024-03-31T10:46:21 IST" name="TC15_CheckIfWishlistQuantityIsDisplayed" finished-at="2024-03-31T10:46:21 IST" duration-ms="123" status="PASS">
          <reporter-output>
          </reporter-output>
        </test-method> <!-- TC15_CheckIfWishlistQuantityIsDisplayed -->
        <test-method is-config="true" signature="tearDown()[pri:0, instance:automationSuite.tests.TestSuite_Regression_Suite1@7f132176]" started-at="2024-03-31T10:46:21 IST" name="tearDown" finished-at="2024-03-31T10:46:21 IST" duration-ms="180" status="PASS">
          <reporter-output>
          </reporter-output>
        </test-method> <!-- tearDown -->
        <test-method is-config="true" signature="launchApplication()[pri:0, instance:automationSuite.tests.TestSuite_Regression_Suite1@7f132176]" started-at="2024-03-31T10:46:21 IST" name="launchApplication" finished-at="2024-03-31T10:46:26 IST" duration-ms="5023" status="PASS">
          <reporter-output>
          </reporter-output>
        </test-method> <!-- launchApplication -->
        <test-method signature="TC16_CheckPopulatTagLink()[pri:0, instance:automationSuite.tests.TestSuite_Regression_Suite1@7f132176]" started-at="2024-03-31T10:46:26 IST" name="TC16_CheckPopulatTagLink" finished-at="2024-03-31T10:46:28 IST" duration-ms="1857" status="PASS">
          <reporter-output>
          </reporter-output>
        </test-method> <!-- TC16_CheckPopulatTagLink -->
        <test-method is-config="true" signature="tearDown()[pri:0, instance:automationSuite.tests.TestSuite_Regression_Suite1@7f132176]" started-at="2024-03-31T10:46:28 IST" name="tearDown" finished-at="2024-03-31T10:46:28 IST" duration-ms="163" status="PASS">
          <reporter-output>
          </reporter-output>
        </test-method> <!-- tearDown -->
        <test-method is-config="true" signature="launchApplication()[pri:0, instance:automationSuite.tests.TestSuite_Regression_Suite1@7f132176]" started-at="2024-03-31T10:46:28 IST" name="launchApplication" finished-at="2024-03-31T10:46:33 IST" duration-ms="5192" status="PASS">
          <reporter-output>
          </reporter-output>
        </test-method> <!-- launchApplication -->
        <test-method signature="TC17_CheckPopularTagViewAll()[pri:0, instance:automationSuite.tests.TestSuite_Regression_Suite1@7f132176]" started-at="2024-03-31T10:46:33 IST" name="TC17_CheckPopularTagViewAll" finished-at="2024-03-31T10:46:35 IST" duration-ms="1553" status="PASS">
          <reporter-output>
          </reporter-output>
        </test-method> <!-- TC17_CheckPopularTagViewAll -->
        <test-method is-config="true" signature="tearDown()[pri:0, instance:automationSuite.tests.TestSuite_Regression_Suite1@7f132176]" started-at="2024-03-31T10:46:35 IST" name="tearDown" finished-at="2024-03-31T10:46:35 IST" duration-ms="132" status="PASS">
          <reporter-output>
          </reporter-output>
        </test-method> <!-- tearDown -->
        <test-method is-config="true" signature="launchApplication()[pri:0, instance:automationSuite.tests.TestSuite_Regression_Suite1@7f132176]" started-at="2024-03-31T10:46:35 IST" name="launchApplication" finished-at="2024-03-31T10:46:40 IST" duration-ms="4811" status="PASS">
          <reporter-output>
          </reporter-output>
        </test-method> <!-- launchApplication -->
        <test-method signature="TC18_CheckCategoryLink()[pri:0, instance:automationSuite.tests.TestSuite_Regression_Suite1@7f132176]" started-at="2024-03-31T10:46:40 IST" name="TC18_CheckCategoryLink" finished-at="2024-03-31T10:46:41 IST" duration-ms="1645" status="PASS">
          <reporter-output>
          </reporter-output>
        </test-method> <!-- TC18_CheckCategoryLink -->
        <test-method is-config="true" signature="tearDown()[pri:0, instance:automationSuite.tests.TestSuite_Regression_Suite1@7f132176]" started-at="2024-03-31T10:46:41 IST" name="tearDown" finished-at="2024-03-31T10:46:42 IST" duration-ms="154" status="PASS">
          <reporter-output>
          </reporter-output>
        </test-method> <!-- tearDown -->
        <test-method is-config="true" signature="launchApplication()[pri:0, instance:automationSuite.tests.TestSuite_Regression_Suite1@7f132176]" started-at="2024-03-31T10:46:42 IST" name="launchApplication" finished-at="2024-03-31T10:46:47 IST" duration-ms="5217" status="PASS">
          <reporter-output>
          </reporter-output>
        </test-method> <!-- launchApplication -->
        <test-method signature="TC19_CheckSubCategoryLink()[pri:0, instance:automationSuite.tests.TestSuite_Regression_Suite1@7f132176]" started-at="2024-03-31T10:46:47 IST" name="TC19_CheckSubCategoryLink" finished-at="2024-03-31T10:46:50 IST" duration-ms="3575" status="PASS">
          <reporter-output>
          </reporter-output>
        </test-method> <!-- TC19_CheckSubCategoryLink -->
        <test-method is-config="true" signature="tearDown()[pri:0, instance:automationSuite.tests.TestSuite_Regression_Suite1@7f132176]" started-at="2024-03-31T10:46:50 IST" name="tearDown" finished-at="2024-03-31T10:46:51 IST" duration-ms="158" status="PASS">
          <reporter-output>
          </reporter-output>
        </test-method> <!-- tearDown -->
        <test-method is-config="true" signature="launchApplication()[pri:0, instance:automationSuite.tests.TestSuite_Regression_Suite1@7f132176]" started-at="2024-03-31T10:46:51 IST" name="launchApplication" finished-at="2024-03-31T10:46:56 IST" duration-ms="5517" status="PASS">
          <reporter-output>
          </reporter-output>
        </test-method> <!-- launchApplication -->
        <test-method signature="TC20_CheckCategoryLink_InHeader()[pri:0, instance:automationSuite.tests.TestSuite_Regression_Suite1@7f132176]" started-at="2024-03-31T10:46:56 IST" name="TC20_CheckCategoryLink_InHeader" finished-at="2024-03-31T10:46:58 IST" duration-ms="1641" status="PASS">
          <reporter-output>
          </reporter-output>
        </test-method> <!-- TC20_CheckCategoryLink_InHeader -->
        <test-method is-config="true" signature="tearDown()[pri:0, instance:automationSuite.tests.TestSuite_Regression_Suite1@7f132176]" started-at="2024-03-31T10:46:58 IST" name="tearDown" finished-at="2024-03-31T10:46:58 IST" duration-ms="127" status="PASS">
          <reporter-output>
          </reporter-output>
        </test-method> <!-- tearDown -->
        <test-method is-config="true" signature="launchApplication()[pri:0, instance:automationSuite.tests.TestSuite_Regression_Suite1@7f132176]" started-at="2024-03-31T10:46:58 IST" name="launchApplication" finished-at="2024-03-31T10:47:03 IST" duration-ms="5540" status="PASS">
          <reporter-output>
          </reporter-output>
        </test-method> <!-- launchApplication -->
        <test-method signature="TC21_CheckSubCategoryLink_InHeader()[pri:0, instance:automationSuite.tests.TestSuite_Regression_Suite1@7f132176]" started-at="2024-03-31T10:47:03 IST" name="TC21_CheckSubCategoryLink_InHeader" finished-at="2024-03-31T10:47:05 IST" duration-ms="2139" status="PASS">
          <reporter-output>
          </reporter-output>
        </test-method> <!-- TC21_CheckSubCategoryLink_InHeader -->
        <test-method is-config="true" signature="tearDown()[pri:0, instance:automationSuite.tests.TestSuite_Regression_Suite1@7f132176]" started-at="2024-03-31T10:47:05 IST" name="tearDown" finished-at="2024-03-31T10:47:06 IST" duration-ms="155" status="PASS">
          <reporter-output>
          </reporter-output>
        </test-method> <!-- tearDown -->
        <test-method is-config="true" signature="launchApplication()[pri:0, instance:automationSuite.tests.TestSuite_Regression_Suite1@7f132176]" started-at="2024-03-31T10:47:06 IST" name="launchApplication" finished-at="2024-03-31T10:47:11 IST" duration-ms="5239" status="PASS">
          <reporter-output>
          </reporter-output>
        </test-method> <!-- launchApplication -->
        <test-method signature="TC22_NavigatetoHomePage()[pri:0, instance:automationSuite.tests.TestSuite_Regression_Suite1@7f132176]" started-at="2024-03-31T10:47:11 IST" name="TC22_NavigatetoHomePage" finished-at="2024-03-31T10:47:14 IST" duration-ms="2679" status="PASS">
          <reporter-output>
          </reporter-output>
        </test-method> <!-- TC22_NavigatetoHomePage -->
        <test-method is-config="true" signature="tearDown()[pri:0, instance:automationSuite.tests.TestSuite_Regression_Suite1@7f132176]" started-at="2024-03-31T10:47:14 IST" name="tearDown" finished-at="2024-03-31T10:47:14 IST" duration-ms="118" status="PASS">
          <reporter-output>
          </reporter-output>
        </test-method> <!-- tearDown -->
        <test-method is-config="true" signature="launchApplication()[pri:0, instance:automationSuite.tests.TestSuite_Regression_Suite1@7f132176]" started-at="2024-03-31T10:47:14 IST" name="launchApplication" finished-at="2024-03-31T10:47:19 IST" duration-ms="4911" status="PASS">
          <reporter-output>
          </reporter-output>
        </test-method> <!-- launchApplication -->
        <test-method signature="TC35_NewProductLink()[pri:0, instance:automationSuite.tests.TestSuite_Regression_Suite1@7f132176]" started-at="2024-03-31T10:47:19 IST" name="TC35_NewProductLink" finished-at="2024-03-31T10:47:20 IST" duration-ms="1574" status="PASS">
          <reporter-output>
          </reporter-output>
        </test-method> <!-- TC35_NewProductLink -->
        <test-method is-config="true" signature="tearDown()[pri:0, instance:automationSuite.tests.TestSuite_Regression_Suite1@7f132176]" started-at="2024-03-31T10:47:20 IST" name="tearDown" finished-at="2024-03-31T10:47:20 IST" duration-ms="162" status="PASS">
          <reporter-output>
          </reporter-output>
        </test-method> <!-- tearDown -->
        <test-method is-config="true" signature="launchApplication()[pri:0, instance:automationSuite.tests.TestSuite_Regression_Suite1@7f132176]" started-at="2024-03-31T10:47:20 IST" name="launchApplication" finished-at="2024-03-31T10:47:26 IST" duration-ms="5364" status="PASS">
          <reporter-output>
          </reporter-output>
        </test-method> <!-- launchApplication -->
        <test-method signature="TC36_CompareProductsList()[pri:0, instance:automationSuite.tests.TestSuite_Regression_Suite1@7f132176]" started-at="2024-03-31T10:47:26 IST" name="TC36_CompareProductsList" finished-at="2024-03-31T10:47:27 IST" duration-ms="1370" status="PASS">
          <reporter-output>
          </reporter-output>
        </test-method> <!-- TC36_CompareProductsList -->
        <test-method is-config="true" signature="tearDown()[pri:0, instance:automationSuite.tests.TestSuite_Regression_Suite1@7f132176]" started-at="2024-03-31T10:47:27 IST" name="tearDown" finished-at="2024-03-31T10:47:27 IST" duration-ms="134" status="PASS">
          <reporter-output>
          </reporter-output>
        </test-method> <!-- tearDown -->
        <test-method is-config="true" signature="launchApplication()[pri:0, instance:automationSuite.tests.TestSuite_Regression_Suite1@7f132176]" started-at="2024-03-31T10:47:27 IST" name="launchApplication" finished-at="2024-03-31T10:47:32 IST" duration-ms="5095" status="PASS">
          <reporter-output>
          </reporter-output>
        </test-method> <!-- launchApplication -->
        <test-method signature="TC37_NewsLink()[pri:0, instance:automationSuite.tests.TestSuite_Regression_Suite1@7f132176]" started-at="2024-03-31T10:47:32 IST" name="TC37_NewsLink" finished-at="2024-03-31T10:47:34 IST" duration-ms="1720" status="PASS">
          <reporter-output>
          </reporter-output>
        </test-method> <!-- TC37_NewsLink -->
        <test-method is-config="true" signature="tearDown()[pri:0, instance:automationSuite.tests.TestSuite_Regression_Suite1@7f132176]" started-at="2024-03-31T10:47:34 IST" name="tearDown" finished-at="2024-03-31T10:47:34 IST" duration-ms="131" status="PASS">
          <reporter-output>
          </reporter-output>
        </test-method> <!-- tearDown -->
        <test-method is-config="true" signature="launchApplication()[pri:0, instance:automationSuite.tests.TestSuite_Regression_Suite1@7f132176]" started-at="2024-03-31T10:47:34 IST" name="launchApplication" finished-at="2024-03-31T10:47:39 IST" duration-ms="5186" status="PASS">
          <reporter-output>
          </reporter-output>
        </test-method> <!-- launchApplication -->
        <test-method signature="TC38_BlogLink()[pri:0, instance:automationSuite.tests.TestSuite_Regression_Suite1@7f132176]" started-at="2024-03-31T10:47:39 IST" name="TC38_BlogLink" finished-at="2024-03-31T10:47:41 IST" duration-ms="1537" status="PASS">
          <reporter-output>
          </reporter-output>
        </test-method> <!-- TC38_BlogLink -->
        <test-method is-config="true" signature="tearDown()[pri:0, instance:automationSuite.tests.TestSuite_Regression_Suite1@7f132176]" started-at="2024-03-31T10:47:41 IST" name="tearDown" finished-at="2024-03-31T10:47:41 IST" duration-ms="109" status="PASS">
          <reporter-output>
          </reporter-output>
        </test-method> <!-- tearDown -->
        <test-method is-config="true" signature="launchApplication()[pri:0, instance:automationSuite.tests.TestSuite_Regression_Suite1@7f132176]" started-at="2024-03-31T10:47:41 IST" name="launchApplication" finished-at="2024-03-31T10:47:48 IST" duration-ms="7484" status="PASS">
          <reporter-output>
          </reporter-output>
        </test-method> <!-- launchApplication -->
        <test-method signature="TC43_CheckRecentlyViewedProductLink()[pri:0, instance:automationSuite.tests.TestSuite_Regression_Suite1@7f132176]" started-at="2024-03-31T10:47:48 IST" name="TC43_CheckRecentlyViewedProductLink" finished-at="2024-03-31T10:47:50 IST" duration-ms="1381" status="PASS">
          <reporter-output>
          </reporter-output>
        </test-method> <!-- TC43_CheckRecentlyViewedProductLink -->
        <test-method is-config="true" signature="tearDown()[pri:0, instance:automationSuite.tests.TestSuite_Regression_Suite1@7f132176]" started-at="2024-03-31T10:47:50 IST" name="tearDown" finished-at="2024-03-31T10:47:50 IST" duration-ms="143" status="PASS">
          <reporter-output>
          </reporter-output>
        </test-method> <!-- tearDown -->
        <test-method is-config="true" signature="launchApplication()[pri:0, instance:automationSuite.tests.TestSuite_Regression_Suite1@7f132176]" started-at="2024-03-31T10:47:50 IST" name="launchApplication" finished-at="2024-03-31T10:47:55 IST" duration-ms="4961" status="PASS">
          <reporter-output>
          </reporter-output>
        </test-method> <!-- launchApplication -->
        <test-method signature="TC44_CheckIfUserCanNavigateToYoutubeLink()[pri:0, instance:automationSuite.tests.TestSuite_Regression_Suite1@7f132176]" started-at="2024-03-31T10:47:55 IST" name="TC44_CheckIfUserCanNavigateToYoutubeLink" finished-at="2024-03-31T10:48:03 IST" duration-ms="7592" status="PASS">
          <reporter-output>
          </reporter-output>
        </test-method> <!-- TC44_CheckIfUserCanNavigateToYoutubeLink -->
        <test-method is-config="true" signature="tearDown()[pri:0, instance:automationSuite.tests.TestSuite_Regression_Suite1@7f132176]" started-at="2024-03-31T10:48:03 IST" name="tearDown" finished-at="2024-03-31T10:48:03 IST" duration-ms="399" status="PASS">
          <reporter-output>
          </reporter-output>
        </test-method> <!-- tearDown -->
        <test-method is-config="true" signature="launchApplication()[pri:0, instance:automationSuite.tests.TestSuite_Regression_Suite1@7f132176]" started-at="2024-03-31T10:48:03 IST" name="launchApplication" finished-at="2024-03-31T10:48:09 IST" duration-ms="6534" status="PASS">
          <reporter-output>
          </reporter-output>
        </test-method> <!-- launchApplication -->
        <test-method signature="TC45_LoginPage_CheckIfForgerPasswordLinkIsWorking()[pri:0, instance:automationSuite.tests.TestSuite_Regression_Suite1@7f132176]" started-at="2024-03-31T10:48:09 IST" name="TC45_LoginPage_CheckIfForgerPasswordLinkIsWorking" finished-at="2024-03-31T10:48:12 IST" duration-ms="2676" status="PASS">
          <reporter-output>
          </reporter-output>
        </test-method> <!-- TC45_LoginPage_CheckIfForgerPasswordLinkIsWorking -->
        <test-method is-config="true" signature="tearDown()[pri:0, instance:automationSuite.tests.TestSuite_Regression_Suite1@7f132176]" started-at="2024-03-31T10:48:12 IST" name="tearDown" finished-at="2024-03-31T10:48:12 IST" duration-ms="149" status="PASS">
          <reporter-output>
          </reporter-output>
        </test-method> <!-- tearDown -->
        <test-method is-config="true" signature="launchApplication()[pri:0, instance:automationSuite.tests.TestSuite_Regression_Suite1@7f132176]" started-at="2024-03-31T10:48:12 IST" name="launchApplication" finished-at="2024-03-31T10:48:18 IST" duration-ms="5735" status="PASS">
          <reporter-output>
          </reporter-output>
        </test-method> <!-- launchApplication -->
        <test-method signature="TC70_MainPage_SubscribeIsDisplayed()[pri:0, instance:automationSuite.tests.TestSuite_Regression_Suite1@7f132176]" started-at="2024-03-31T10:48:18 IST" name="TC70_MainPage_SubscribeIsDisplayed" finished-at="2024-03-31T10:48:18 IST" duration-ms="123" status="PASS">
          <reporter-output>
          </reporter-output>
        </test-method> <!-- TC70_MainPage_SubscribeIsDisplayed -->
        <test-method is-config="true" signature="tearDown()[pri:0, instance:automationSuite.tests.TestSuite_Regression_Suite1@7f132176]" started-at="2024-03-31T10:48:18 IST" name="tearDown" finished-at="2024-03-31T10:48:18 IST" duration-ms="133" status="PASS">
          <reporter-output>
          </reporter-output>
        </test-method> <!-- tearDown -->
      </class> <!-- automationSuite.tests.TestSuite_Regression_Suite1 -->
      <class name="automationSuite.tests.TestSuite_Regression_Suite2">
        <test-method is-config="true" signature="launchApplication()[pri:0, instance:automationSuite.tests.TestSuite_Regression_Suite2@40238dd0]" started-at="2024-03-31T10:48:18 IST" name="launchApplication" finished-at="2024-03-31T10:48:24 IST" duration-ms="5253" status="PASS">
          <reporter-output>
          </reporter-output>
        </test-method> <!-- launchApplication -->
        <test-method signature="TC23_Search_NoData()[pri:0, instance:automationSuite.tests.TestSuite_Regression_Suite2@40238dd0]" started-at="2024-03-31T10:48:24 IST" name="TC23_Search_NoData" finished-at="2024-03-31T10:48:24 IST" duration-ms="200" status="PASS">
          <reporter-output>
          </reporter-output>
        </test-method> <!-- TC23_Search_NoData -->
        <test-method is-config="true" signature="tearDown()[pri:0, instance:automationSuite.tests.TestSuite_Regression_Suite2@40238dd0]" started-at="2024-03-31T10:48:24 IST" name="tearDown" finished-at="2024-03-31T10:48:24 IST" duration-ms="173" status="PASS">
          <reporter-output>
          </reporter-output>
        </test-method> <!-- tearDown -->
        <test-method is-config="true" signature="launchApplication()[pri:0, instance:automationSuite.tests.TestSuite_Regression_Suite2@40238dd0]" started-at="2024-03-31T10:48:24 IST" name="launchApplication" finished-at="2024-03-31T10:48:30 IST" duration-ms="5654" status="PASS">
          <reporter-output>
          </reporter-output>
        </test-method> <!-- launchApplication -->
        <test-method signature="TC24_Search_LessData()[pri:0, instance:automationSuite.tests.TestSuite_Regression_Suite2@40238dd0]" started-at="2024-03-31T10:48:30 IST" name="TC24_Search_LessData" finished-at="2024-03-31T10:48:32 IST" duration-ms="2050" status="PASS">
          <reporter-output>
          </reporter-output>
        </test-method> <!-- TC24_Search_LessData -->
        <test-method is-config="true" signature="tearDown()[pri:0, instance:automationSuite.tests.TestSuite_Regression_Suite2@40238dd0]" started-at="2024-03-31T10:48:32 IST" name="tearDown" finished-at="2024-03-31T10:48:32 IST" duration-ms="140" status="PASS">
          <reporter-output>
          </reporter-output>
        </test-method> <!-- tearDown -->
        <test-method is-config="true" signature="launchApplication()[pri:0, instance:automationSuite.tests.TestSuite_Regression_Suite2@40238dd0]" started-at="2024-03-31T10:48:32 IST" name="launchApplication" finished-at="2024-03-31T10:48:37 IST" duration-ms="4994" status="PASS">
          <reporter-output>
          </reporter-output>
        </test-method> <!-- launchApplication -->
        <test-method signature="TC25_Search_WrongData()[pri:0, instance:automationSuite.tests.TestSuite_Regression_Suite2@40238dd0]" started-at="2024-03-31T10:48:37 IST" name="TC25_Search_WrongData" finished-at="2024-03-31T10:48:39 IST" duration-ms="1732" status="PASS">
          <reporter-output>
          </reporter-output>
        </test-method> <!-- TC25_Search_WrongData -->
        <test-method is-config="true" signature="tearDown()[pri:0, instance:automationSuite.tests.TestSuite_Regression_Suite2@40238dd0]" started-at="2024-03-31T10:48:39 IST" name="tearDown" finished-at="2024-03-31T10:48:39 IST" duration-ms="171" status="PASS">
          <reporter-output>
          </reporter-output>
        </test-method> <!-- tearDown -->
        <test-method is-config="true" signature="launchApplication()[pri:0, instance:automationSuite.tests.TestSuite_Regression_Suite2@40238dd0]" started-at="2024-03-31T10:48:39 IST" name="launchApplication" finished-at="2024-03-31T10:48:44 IST" duration-ms="5453" status="PASS">
          <reporter-output>
          </reporter-output>
        </test-method> <!-- launchApplication -->
        <test-method signature="TC26_Search_CorrectData()[pri:0, instance:automationSuite.tests.TestSuite_Regression_Suite2@40238dd0]" started-at="2024-03-31T10:48:44 IST" name="TC26_Search_CorrectData" finished-at="2024-03-31T10:48:46 IST" duration-ms="1871" status="PASS">
          <reporter-output>
          </reporter-output>
        </test-method> <!-- TC26_Search_CorrectData -->
        <test-method is-config="true" signature="tearDown()[pri:0, instance:automationSuite.tests.TestSuite_Regression_Suite2@40238dd0]" started-at="2024-03-31T10:48:46 IST" name="tearDown" finished-at="2024-03-31T10:48:46 IST" duration-ms="148" status="PASS">
          <reporter-output>
          </reporter-output>
        </test-method> <!-- tearDown -->
        <test-method is-config="true" signature="launchApplication()[pri:0, instance:automationSuite.tests.TestSuite_Regression_Suite2@40238dd0]" started-at="2024-03-31T10:48:46 IST" name="launchApplication" finished-at="2024-03-31T10:48:51 IST" duration-ms="5018" status="PASS">
          <reporter-output>
          </reporter-output>
        </test-method> <!-- launchApplication -->
        <test-method signature="TC27_AdvancedSearch_WrongCategory()[pri:0, instance:automationSuite.tests.TestSuite_Regression_Suite2@40238dd0]" started-at="2024-03-31T10:48:51 IST" name="TC27_AdvancedSearch_WrongCategory" finished-at="2024-03-31T10:48:55 IST" duration-ms="3725" status="PASS">
          <reporter-output>
          </reporter-output>
        </test-method> <!-- TC27_AdvancedSearch_WrongCategory -->
        <test-method is-config="true" signature="tearDown()[pri:0, instance:automationSuite.tests.TestSuite_Regression_Suite2@40238dd0]" started-at="2024-03-31T10:48:55 IST" name="tearDown" finished-at="2024-03-31T10:48:55 IST" duration-ms="156" status="PASS">
          <reporter-output>
          </reporter-output>
        </test-method> <!-- tearDown -->
        <test-method is-config="true" signature="launchApplication()[pri:0, instance:automationSuite.tests.TestSuite_Regression_Suite2@40238dd0]" started-at="2024-03-31T10:48:55 IST" name="launchApplication" finished-at="2024-03-31T10:49:00 IST" duration-ms="5270" status="PASS">
          <reporter-output>
          </reporter-output>
        </test-method> <!-- launchApplication -->
        <test-method signature="TC28_AdvancedSearch_WrongCatManufac()[pri:0, instance:automationSuite.tests.TestSuite_Regression_Suite2@40238dd0]" started-at="2024-03-31T10:49:00 IST" name="TC28_AdvancedSearch_WrongCatManufac" finished-at="2024-03-31T10:49:04 IST" duration-ms="3808" status="PASS">
          <reporter-output>
          </reporter-output>
        </test-method> <!-- TC28_AdvancedSearch_WrongCatManufac -->
        <test-method is-config="true" signature="tearDown()[pri:0, instance:automationSuite.tests.TestSuite_Regression_Suite2@40238dd0]" started-at="2024-03-31T10:49:04 IST" name="tearDown" finished-at="2024-03-31T10:49:04 IST" duration-ms="125" status="PASS">
          <reporter-output>
          </reporter-output>
        </test-method> <!-- tearDown -->
        <test-method is-config="true" signature="launchApplication()[pri:0, instance:automationSuite.tests.TestSuite_Regression_Suite2@40238dd0]" started-at="2024-03-31T10:49:04 IST" name="launchApplication" finished-at="2024-03-31T10:49:09 IST" duration-ms="4825" status="PASS">
          <reporter-output>
          </reporter-output>
        </test-method> <!-- launchApplication -->
        <test-method signature="TC29_AdvancedSearch_AllData()[pri:0, instance:automationSuite.tests.TestSuite_Regression_Suite2@40238dd0]" started-at="2024-03-31T10:49:09 IST" name="TC29_AdvancedSearch_AllData" finished-at="2024-03-31T10:49:13 IST" duration-ms="3581" status="PASS">
          <reporter-output>
          </reporter-output>
        </test-method> <!-- TC29_AdvancedSearch_AllData -->
        <test-method is-config="true" signature="tearDown()[pri:0, instance:automationSuite.tests.TestSuite_Regression_Suite2@40238dd0]" started-at="2024-03-31T10:49:13 IST" name="tearDown" finished-at="2024-03-31T10:49:13 IST" duration-ms="146" status="PASS">
          <reporter-output>
          </reporter-output>
        </test-method> <!-- tearDown -->
        <test-method is-config="true" signature="launchApplication()[pri:0, instance:automationSuite.tests.TestSuite_Regression_Suite2@40238dd0]" started-at="2024-03-31T10:49:13 IST" name="launchApplication" finished-at="2024-03-31T10:49:18 IST" duration-ms="5082" status="PASS">
          <reporter-output>
          </reporter-output>
        </test-method> <!-- launchApplication -->
        <test-method signature="TC30_AdvancedSearch_Subcategory()[pri:0, instance:automationSuite.tests.TestSuite_Regression_Suite2@40238dd0]" started-at="2024-03-31T10:49:18 IST" name="TC30_AdvancedSearch_Subcategory" finished-at="2024-03-31T10:49:22 IST" duration-ms="3839" status="PASS">
          <reporter-output>
          </reporter-output>
        </test-method> <!-- TC30_AdvancedSearch_Subcategory -->
        <test-method is-config="true" signature="tearDown()[pri:0, instance:automationSuite.tests.TestSuite_Regression_Suite2@40238dd0]" started-at="2024-03-31T10:49:22 IST" name="tearDown" finished-at="2024-03-31T10:49:22 IST" duration-ms="132" status="PASS">
          <reporter-output>
          </reporter-output>
        </test-method> <!-- tearDown -->
        <test-method is-config="true" signature="launchApplication()[pri:0, instance:automationSuite.tests.TestSuite_Regression_Suite2@40238dd0]" started-at="2024-03-31T10:49:22 IST" name="launchApplication" finished-at="2024-03-31T10:49:27 IST" duration-ms="5107" status="PASS">
          <reporter-output>
          </reporter-output>
        </test-method> <!-- launchApplication -->
        <test-method signature="TC31_AdvancedSearch_ProductDescription()[pri:0, instance:automationSuite.tests.TestSuite_Regression_Suite2@40238dd0]" started-at="2024-03-31T10:49:27 IST" name="TC31_AdvancedSearch_ProductDescription" finished-at="2024-03-31T10:49:31 IST" duration-ms="3941" status="PASS">
          <reporter-output>
          </reporter-output>
        </test-method> <!-- TC31_AdvancedSearch_ProductDescription -->
        <test-method is-config="true" signature="tearDown()[pri:0, instance:automationSuite.tests.TestSuite_Regression_Suite2@40238dd0]" started-at="2024-03-31T10:49:31 IST" name="tearDown" finished-at="2024-03-31T10:49:31 IST" duration-ms="136" status="PASS">
          <reporter-output>
          </reporter-output>
        </test-method> <!-- tearDown -->
        <test-method is-config="true" signature="launchApplication()[pri:0, instance:automationSuite.tests.TestSuite_Regression_Suite2@40238dd0]" started-at="2024-03-31T10:49:31 IST" name="launchApplication" finished-at="2024-03-31T10:49:37 IST" duration-ms="5649" status="PASS">
          <reporter-output>
          </reporter-output>
        </test-method> <!-- launchApplication -->
        <test-method signature="TC32_AdvancedSearch_FromPrice()[pri:0, instance:automationSuite.tests.TestSuite_Regression_Suite2@40238dd0]" started-at="2024-03-31T10:49:37 IST" name="TC32_AdvancedSearch_FromPrice" finished-at="2024-03-31T10:49:40 IST" duration-ms="3612" status="PASS">
          <reporter-output>
          </reporter-output>
        </test-method> <!-- TC32_AdvancedSearch_FromPrice -->
        <test-method is-config="true" signature="tearDown()[pri:0, instance:automationSuite.tests.TestSuite_Regression_Suite2@40238dd0]" started-at="2024-03-31T10:49:40 IST" name="tearDown" finished-at="2024-03-31T10:49:40 IST" duration-ms="131" status="PASS">
          <reporter-output>
          </reporter-output>
        </test-method> <!-- tearDown -->
        <test-method is-config="true" signature="launchApplication()[pri:0, instance:automationSuite.tests.TestSuite_Regression_Suite2@40238dd0]" started-at="2024-03-31T10:49:40 IST" name="launchApplication" finished-at="2024-03-31T10:49:46 IST" duration-ms="5362" status="PASS">
          <reporter-output>
          </reporter-output>
        </test-method> <!-- launchApplication -->
        <test-method signature="TC33_AdvancedSearch_ToPrice()[pri:0, instance:automationSuite.tests.TestSuite_Regression_Suite2@40238dd0]" started-at="2024-03-31T10:49:46 IST" name="TC33_AdvancedSearch_ToPrice" finished-at="2024-03-31T10:49:49 IST" duration-ms="3529" status="PASS">
          <reporter-output>
          </reporter-output>
        </test-method> <!-- TC33_AdvancedSearch_ToPrice -->
        <test-method is-config="true" signature="tearDown()[pri:0, instance:automationSuite.tests.TestSuite_Regression_Suite2@40238dd0]" started-at="2024-03-31T10:49:49 IST" name="tearDown" finished-at="2024-03-31T10:49:50 IST" duration-ms="163" status="PASS">
          <reporter-output>
          </reporter-output>
        </test-method> <!-- tearDown -->
        <test-method is-config="true" signature="launchApplication()[pri:0, instance:automationSuite.tests.TestSuite_Regression_Suite2@40238dd0]" started-at="2024-03-31T10:49:50 IST" name="launchApplication" finished-at="2024-03-31T10:49:55 IST" duration-ms="5509" status="PASS">
          <reporter-output>
          </reporter-output>
        </test-method> <!-- launchApplication -->
        <test-method signature="TC34_AdvancedPrice_FromToPrice()[pri:0, instance:automationSuite.tests.TestSuite_Regression_Suite2@40238dd0]" started-at="2024-03-31T10:49:55 IST" name="TC34_AdvancedPrice_FromToPrice" finished-at="2024-03-31T10:49:59 IST" duration-ms="3987" status="PASS">
          <reporter-output>
          </reporter-output>
        </test-method> <!-- TC34_AdvancedPrice_FromToPrice -->
        <test-method is-config="true" signature="tearDown()[pri:0, instance:automationSuite.tests.TestSuite_Regression_Suite2@40238dd0]" started-at="2024-03-31T10:49:59 IST" name="tearDown" finished-at="2024-03-31T10:49:59 IST" duration-ms="148" status="PASS">
          <reporter-output>
          </reporter-output>
        </test-method> <!-- tearDown -->
        <test-method is-config="true" signature="launchApplication()[pri:0, instance:automationSuite.tests.TestSuite_Regression_Suite2@40238dd0]" started-at="2024-03-31T10:49:59 IST" name="launchApplication" finished-at="2024-03-31T10:50:04 IST" duration-ms="4851" status="PASS">
          <reporter-output>
          </reporter-output>
        </test-method> <!-- launchApplication -->
        <test-method signature="TC39_BlogTagsLink()[pri:0, instance:automationSuite.tests.TestSuite_Regression_Suite2@40238dd0]" started-at="2024-03-31T10:50:04 IST" name="TC39_BlogTagsLink" finished-at="2024-03-31T10:50:07 IST" duration-ms="2854" status="PASS">
          <reporter-output>
          </reporter-output>
        </test-method> <!-- TC39_BlogTagsLink -->
        <test-method is-config="true" signature="tearDown()[pri:0, instance:automationSuite.tests.TestSuite_Regression_Suite2@40238dd0]" started-at="2024-03-31T10:50:07 IST" name="tearDown" finished-at="2024-03-31T10:50:07 IST" duration-ms="146" status="PASS">
          <reporter-output>
          </reporter-output>
        </test-method> <!-- tearDown -->
        <test-method is-config="true" signature="launchApplication()[pri:0, instance:automationSuite.tests.TestSuite_Regression_Suite2@40238dd0]" started-at="2024-03-31T10:50:07 IST" name="launchApplication" finished-at="2024-03-31T10:50:12 IST" duration-ms="5135" status="PASS">
          <reporter-output>
          </reporter-output>
        </test-method> <!-- launchApplication -->
        <test-method signature="TC40_BlogArchiveTags_Link()[pri:0, instance:automationSuite.tests.TestSuite_Regression_Suite2@40238dd0]" started-at="2024-03-31T10:50:12 IST" name="TC40_BlogArchiveTags_Link" finished-at="2024-03-31T10:50:15 IST" duration-ms="2732" status="PASS">
          <reporter-output>
          </reporter-output>
        </test-method> <!-- TC40_BlogArchiveTags_Link -->
        <test-method is-config="true" signature="tearDown()[pri:0, instance:automationSuite.tests.TestSuite_Regression_Suite2@40238dd0]" started-at="2024-03-31T10:50:15 IST" name="tearDown" finished-at="2024-03-31T10:50:15 IST" duration-ms="134" status="PASS">
          <reporter-output>
          </reporter-output>
        </test-method> <!-- tearDown -->
        <test-method is-config="true" signature="launchApplication()[pri:0, instance:automationSuite.tests.TestSuite_Regression_Suite2@40238dd0]" started-at="2024-03-31T10:50:15 IST" name="launchApplication" finished-at="2024-03-31T10:50:20 IST" duration-ms="5181" status="PASS">
          <reporter-output>
          </reporter-output>
        </test-method> <!-- launchApplication -->
        <test-method signature="TC41_CheckIfABlogIsLoaded()[pri:0, instance:automationSuite.tests.TestSuite_Regression_Suite2@40238dd0]" started-at="2024-03-31T10:50:20 IST" name="TC41_CheckIfABlogIsLoaded" finished-at="2024-03-31T10:50:31 IST" duration-ms="11156" status="PASS">
          <reporter-output>
          </reporter-output>
        </test-method> <!-- TC41_CheckIfABlogIsLoaded -->
        <test-method is-config="true" signature="tearDown()[pri:0, instance:automationSuite.tests.TestSuite_Regression_Suite2@40238dd0]" started-at="2024-03-31T10:50:31 IST" name="tearDown" finished-at="2024-03-31T10:50:32 IST" duration-ms="211" status="PASS">
          <reporter-output>
          </reporter-output>
        </test-method> <!-- tearDown -->
        <test-method is-config="true" signature="launchApplication()[pri:0, instance:automationSuite.tests.TestSuite_Regression_Suite2@40238dd0]" started-at="2024-03-31T10:50:32 IST" name="launchApplication" finished-at="2024-03-31T10:50:37 IST" duration-ms="5294" status="PASS">
          <reporter-output>
          </reporter-output>
        </test-method> <!-- launchApplication -->
        <test-method signature="TC42_CheckRecentlyViewedProduct()[pri:0, instance:automationSuite.tests.TestSuite_Regression_Suite2@40238dd0]" started-at="2024-03-31T10:50:37 IST" name="TC42_CheckRecentlyViewedProduct" finished-at="2024-03-31T10:50:40 IST" duration-ms="3519" status="PASS">
          <reporter-output>
          </reporter-output>
        </test-method> <!-- TC42_CheckRecentlyViewedProduct -->
        <test-method is-config="true" signature="tearDown()[pri:0, instance:automationSuite.tests.TestSuite_Regression_Suite2@40238dd0]" started-at="2024-03-31T10:50:40 IST" name="tearDown" finished-at="2024-03-31T10:50:40 IST" duration-ms="118" status="PASS">
          <reporter-output>
          </reporter-output>
        </test-method> <!-- tearDown -->
        <test-method is-config="true" signature="launchApplication()[pri:0, instance:automationSuite.tests.TestSuite_Regression_Suite2@40238dd0]" started-at="2024-03-31T10:50:40 IST" name="launchApplication" finished-at="2024-03-31T10:50:45 IST" duration-ms="4999" status="PASS">
          <reporter-output>
          </reporter-output>
        </test-method> <!-- launchApplication -->
        <test-method signature="TC46_LoginPage_ForgetPasswordWithoutEmail()[pri:0, instance:automationSuite.tests.TestSuite_Regression_Suite2@40238dd0]" started-at="2024-03-31T10:50:45 IST" name="TC46_LoginPage_ForgetPasswordWithoutEmail" finished-at="2024-03-31T10:50:48 IST" duration-ms="2455" status="PASS">
          <reporter-output>
          </reporter-output>
        </test-method> <!-- TC46_LoginPage_ForgetPasswordWithoutEmail -->
        <test-method is-config="true" signature="tearDown()[pri:0, instance:automationSuite.tests.TestSuite_Regression_Suite2@40238dd0]" started-at="2024-03-31T10:50:48 IST" name="tearDown" finished-at="2024-03-31T10:50:48 IST" duration-ms="154" status="PASS">
          <reporter-output>
          </reporter-output>
        </test-method> <!-- tearDown -->
        <test-method is-config="true" signature="launchApplication()[pri:0, instance:automationSuite.tests.TestSuite_Regression_Suite2@40238dd0]" started-at="2024-03-31T10:50:48 IST" name="launchApplication" finished-at="2024-03-31T10:50:51 IST" duration-ms="3250" status="PASS">
          <reporter-output>
          </reporter-output>
        </test-method> <!-- launchApplication -->
        <test-method signature="TC47_LoginPage_ForgetPasswordWithInvalidEmail()[pri:0, instance:automationSuite.tests.TestSuite_Regression_Suite2@40238dd0]" started-at="2024-03-31T10:50:51 IST" name="TC47_LoginPage_ForgetPasswordWithInvalidEmail" finished-at="2024-03-31T10:50:58 IST" duration-ms="6211" status="PASS">
          <reporter-output>
          </reporter-output>
        </test-method> <!-- TC47_LoginPage_ForgetPasswordWithInvalidEmail -->
        <test-method is-config="true" signature="tearDown()[pri:0, instance:automationSuite.tests.TestSuite_Regression_Suite2@40238dd0]" started-at="2024-03-31T10:50:58 IST" name="tearDown" finished-at="2024-03-31T10:50:58 IST" duration-ms="188" status="PASS">
          <reporter-output>
          </reporter-output>
        </test-method> <!-- tearDown -->
        <test-method is-config="true" signature="launchApplication()[pri:0, instance:automationSuite.tests.TestSuite_Regression_Suite2@40238dd0]" started-at="2024-03-31T10:50:58 IST" name="launchApplication" finished-at="2024-03-31T10:51:03 IST" duration-ms="5452" status="PASS">
          <reporter-output>
          </reporter-output>
        </test-method> <!-- launchApplication -->
        <test-method signature="TC48_LoginPage_ForgetPasswordWithUnregisteredEmail()[pri:0, instance:automationSuite.tests.TestSuite_Regression_Suite2@40238dd0]" started-at="2024-03-31T10:51:03 IST" name="TC48_LoginPage_ForgetPasswordWithUnregisteredEmail" finished-at="2024-03-31T10:51:07 IST" duration-ms="3908" status="PASS">
          <reporter-output>
          </reporter-output>
        </test-method> <!-- TC48_LoginPage_ForgetPasswordWithUnregisteredEmail -->
        <test-method is-config="true" signature="tearDown()[pri:0, instance:automationSuite.tests.TestSuite_Regression_Suite2@40238dd0]" started-at="2024-03-31T10:51:07 IST" name="tearDown" finished-at="2024-03-31T10:51:07 IST" duration-ms="144" status="PASS">
          <reporter-output>
          </reporter-output>
        </test-method> <!-- tearDown -->
        <test-method is-config="true" signature="launchApplication()[pri:0, instance:automationSuite.tests.TestSuite_Regression_Suite2@40238dd0]" started-at="2024-03-31T10:51:07 IST" name="launchApplication" finished-at="2024-03-31T10:51:12 IST" duration-ms="5197" status="PASS">
          <reporter-output>
          </reporter-output>
        </test-method> <!-- launchApplication -->
        <test-method signature="TC49_LoginPage_LoginWithoutInput()[pri:0, instance:automationSuite.tests.TestSuite_Regression_Suite2@40238dd0]" started-at="2024-03-31T10:51:12 IST" name="TC49_LoginPage_LoginWithoutInput" finished-at="2024-03-31T10:51:15 IST" duration-ms="2876" status="PASS">
          <reporter-output>
          </reporter-output>
        </test-method> <!-- TC49_LoginPage_LoginWithoutInput -->
        <test-method is-config="true" signature="tearDown()[pri:0, instance:automationSuite.tests.TestSuite_Regression_Suite2@40238dd0]" started-at="2024-03-31T10:51:15 IST" name="tearDown" finished-at="2024-03-31T10:51:16 IST" duration-ms="198" status="PASS">
          <reporter-output>
          </reporter-output>
        </test-method> <!-- tearDown -->
        <test-method is-config="true" signature="launchApplication()[pri:0, instance:automationSuite.tests.TestSuite_Regression_Suite2@40238dd0]" started-at="2024-03-31T10:51:16 IST" name="launchApplication" finished-at="2024-03-31T10:51:20 IST" duration-ms="4602" status="PASS">
          <reporter-output>
          </reporter-output>
        </test-method> <!-- launchApplication -->
        <test-method signature="TC50_LoginPage_LoginInvalidEmail()[pri:0, instance:automationSuite.tests.TestSuite_Regression_Suite2@40238dd0]" started-at="2024-03-31T10:51:20 IST" name="TC50_LoginPage_LoginInvalidEmail" finished-at="2024-03-31T10:51:22 IST" duration-ms="1506" status="PASS">
          <reporter-output>
          </reporter-output>
        </test-method> <!-- TC50_LoginPage_LoginInvalidEmail -->
        <test-method is-config="true" signature="tearDown()[pri:0, instance:automationSuite.tests.TestSuite_Regression_Suite2@40238dd0]" started-at="2024-03-31T10:51:22 IST" name="tearDown" finished-at="2024-03-31T10:51:22 IST" duration-ms="145" status="PASS">
          <reporter-output>
          </reporter-output>
        </test-method> <!-- tearDown -->
        <test-method is-config="true" signature="launchApplication()[pri:0, instance:automationSuite.tests.TestSuite_Regression_Suite2@40238dd0]" started-at="2024-03-31T10:51:22 IST" name="launchApplication" finished-at="2024-03-31T10:51:28 IST" duration-ms="5799" status="PASS">
          <reporter-output>
          </reporter-output>
        </test-method> <!-- launchApplication -->
        <test-method signature="TC51_LoginPage_LoginUnregisteredEmail()[pri:0, instance:automationSuite.tests.TestSuite_Regression_Suite2@40238dd0]" started-at="2024-03-31T10:51:28 IST" name="TC51_LoginPage_LoginUnregisteredEmail" finished-at="2024-03-31T10:51:31 IST" duration-ms="2925" status="PASS">
          <reporter-output>
          </reporter-output>
        </test-method> <!-- TC51_LoginPage_LoginUnregisteredEmail -->
        <test-method is-config="true" signature="tearDown()[pri:0, instance:automationSuite.tests.TestSuite_Regression_Suite2@40238dd0]" started-at="2024-03-31T10:51:31 IST" name="tearDown" finished-at="2024-03-31T10:51:31 IST" duration-ms="131" status="PASS">
          <reporter-output>
          </reporter-output>
        </test-method> <!-- tearDown -->
        <test-method is-config="true" signature="launchApplication()[pri:0, instance:automationSuite.tests.TestSuite_Regression_Suite2@40238dd0]" started-at="2024-03-31T10:51:31 IST" name="launchApplication" finished-at="2024-03-31T10:51:36 IST" duration-ms="5186" status="PASS">
          <reporter-output>
          </reporter-output>
        </test-method> <!-- launchApplication -->
        <test-method signature="TC52_Register_NoInput()[pri:0, instance:automationSuite.tests.TestSuite_Regression_Suite2@40238dd0]" started-at="2024-03-31T10:51:36 IST" name="TC52_Register_NoInput" finished-at="2024-03-31T10:51:38 IST" duration-ms="1784" status="PASS">
          <reporter-output>
          </reporter-output>
        </test-method> <!-- TC52_Register_NoInput -->
        <test-method is-config="true" signature="tearDown()[pri:0, instance:automationSuite.tests.TestSuite_Regression_Suite2@40238dd0]" started-at="2024-03-31T10:51:38 IST" name="tearDown" finished-at="2024-03-31T10:51:38 IST" duration-ms="133" status="PASS">
          <reporter-output>
          </reporter-output>
        </test-method> <!-- tearDown -->
        <test-method is-config="true" signature="launchApplication()[pri:0, instance:automationSuite.tests.TestSuite_Regression_Suite2@40238dd0]" started-at="2024-03-31T10:51:38 IST" name="launchApplication" finished-at="2024-03-31T10:51:43 IST" duration-ms="4824" status="PASS">
          <reporter-output>
          </reporter-output>
        </test-method> <!-- launchApplication -->
        <test-method signature="TC53_Register_OnlyFirstName()[pri:0, instance:automationSuite.tests.TestSuite_Regression_Suite2@40238dd0]" started-at="2024-03-31T10:51:43 IST" name="TC53_Register_OnlyFirstName" finished-at="2024-03-31T10:51:44 IST" duration-ms="1699" status="PASS">
          <reporter-output>
          </reporter-output>
        </test-method> <!-- TC53_Register_OnlyFirstName -->
        <test-method is-config="true" signature="tearDown()[pri:0, instance:automationSuite.tests.TestSuite_Regression_Suite2@40238dd0]" started-at="2024-03-31T10:51:44 IST" name="tearDown" finished-at="2024-03-31T10:51:44 IST" duration-ms="177" status="PASS">
          <reporter-output>
          </reporter-output>
        </test-method> <!-- tearDown -->
        <test-method is-config="true" signature="launchApplication()[pri:0, instance:automationSuite.tests.TestSuite_Regression_Suite2@40238dd0]" started-at="2024-03-31T10:51:44 IST" name="launchApplication" finished-at="2024-03-31T10:51:49 IST" duration-ms="4869" status="PASS">
          <reporter-output>
          </reporter-output>
        </test-method> <!-- launchApplication -->
        <test-method signature="TC54_Register_OnlyFirstNameAndLastName()[pri:0, instance:automationSuite.tests.TestSuite_Regression_Suite2@40238dd0]" started-at="2024-03-31T10:51:49 IST" name="TC54_Register_OnlyFirstNameAndLastName" finished-at="2024-03-31T10:51:51 IST" duration-ms="2118" status="PASS">
          <reporter-output>
          </reporter-output>
        </test-method> <!-- TC54_Register_OnlyFirstNameAndLastName -->
        <test-method is-config="true" signature="tearDown()[pri:0, instance:automationSuite.tests.TestSuite_Regression_Suite2@40238dd0]" started-at="2024-03-31T10:51:51 IST" name="tearDown" finished-at="2024-03-31T10:51:52 IST" duration-ms="173" status="PASS">
          <reporter-output>
          </reporter-output>
        </test-method> <!-- tearDown -->
        <test-method is-config="true" signature="launchApplication()[pri:0, instance:automationSuite.tests.TestSuite_Regression_Suite2@40238dd0]" started-at="2024-03-31T10:51:52 IST" name="launchApplication" finished-at="2024-03-31T10:51:57 IST" duration-ms="5288" status="PASS">
          <reporter-output>
          </reporter-output>
        </test-method> <!-- launchApplication -->
        <test-method signature="TC55_Register_InvalidEmail()[pri:0, instance:automationSuite.tests.TestSuite_Regression_Suite2@40238dd0]" started-at="2024-03-31T10:51:57 IST" name="TC55_Register_InvalidEmail" finished-at="2024-03-31T10:51:59 IST" duration-ms="1915" status="PASS">
          <reporter-output>
          </reporter-output>
        </test-method> <!-- TC55_Register_InvalidEmail -->
        <test-method is-config="true" signature="tearDown()[pri:0, instance:automationSuite.tests.TestSuite_Regression_Suite2@40238dd0]" started-at="2024-03-31T10:51:59 IST" name="tearDown" finished-at="2024-03-31T10:51:59 IST" duration-ms="155" status="PASS">
          <reporter-output>
          </reporter-output>
        </test-method> <!-- tearDown -->
        <test-method is-config="true" signature="launchApplication()[pri:0, instance:automationSuite.tests.TestSuite_Regression_Suite2@40238dd0]" started-at="2024-03-31T10:51:59 IST" name="launchApplication" finished-at="2024-03-31T10:52:04 IST" duration-ms="5090" status="PASS">
          <reporter-output>
          </reporter-output>
        </test-method> <!-- launchApplication -->
        <test-method signature="TC56_Register_InvalidPassword()[pri:0, instance:automationSuite.tests.TestSuite_Regression_Suite2@40238dd0]" started-at="2024-03-31T10:52:04 IST" name="TC56_Register_InvalidPassword" finished-at="2024-03-31T10:52:06 IST" duration-ms="1699" status="PASS">
          <reporter-output>
          </reporter-output>
        </test-method> <!-- TC56_Register_InvalidPassword -->
        <test-method is-config="true" signature="tearDown()[pri:0, instance:automationSuite.tests.TestSuite_Regression_Suite2@40238dd0]" started-at="2024-03-31T10:52:06 IST" name="tearDown" finished-at="2024-03-31T10:52:06 IST" duration-ms="140" status="PASS">
          <reporter-output>
          </reporter-output>
        </test-method> <!-- tearDown -->
        <test-method is-config="true" signature="launchApplication()[pri:0, instance:automationSuite.tests.TestSuite_Regression_Suite2@40238dd0]" started-at="2024-03-31T10:52:06 IST" name="launchApplication" finished-at="2024-03-31T10:52:11 IST" duration-ms="5280" status="PASS">
          <reporter-output>
          </reporter-output>
        </test-method> <!-- launchApplication -->
        <test-method signature="TC57_Register_ConfirmpasswordMismatch()[pri:0, instance:automationSuite.tests.TestSuite_Regression_Suite2@40238dd0]" started-at="2024-03-31T10:52:11 IST" name="TC57_Register_ConfirmpasswordMismatch" finished-at="2024-03-31T10:52:13 IST" duration-ms="1706" status="PASS">
          <reporter-output>
          </reporter-output>
        </test-method> <!-- TC57_Register_ConfirmpasswordMismatch -->
        <test-method is-config="true" signature="tearDown()[pri:0, instance:automationSuite.tests.TestSuite_Regression_Suite2@40238dd0]" started-at="2024-03-31T10:52:13 IST" name="tearDown" finished-at="2024-03-31T10:52:13 IST" duration-ms="154" status="PASS">
          <reporter-output>
          </reporter-output>
        </test-method> <!-- tearDown -->
        <test-method is-config="true" signature="launchApplication()[pri:0, instance:automationSuite.tests.TestSuite_Regression_Suite2@40238dd0]" started-at="2024-03-31T10:52:13 IST" name="launchApplication" finished-at="2024-03-31T10:52:19 IST" duration-ms="5677" status="PASS">
          <reporter-output>
          </reporter-output>
        </test-method> <!-- launchApplication -->
        <test-method signature="TC58_Register_ConfirmpasswordLengthMismatch()[pri:0, instance:automationSuite.tests.TestSuite_Regression_Suite2@40238dd0]" started-at="2024-03-31T10:52:19 IST" name="TC58_Register_ConfirmpasswordLengthMismatch" finished-at="2024-03-31T10:52:21 IST" duration-ms="1821" status="PASS">
          <reporter-output>
          </reporter-output>
        </test-method> <!-- TC58_Register_ConfirmpasswordLengthMismatch -->
        <test-method is-config="true" signature="tearDown()[pri:0, instance:automationSuite.tests.TestSuite_Regression_Suite2@40238dd0]" started-at="2024-03-31T10:52:21 IST" name="tearDown" finished-at="2024-03-31T10:52:21 IST" duration-ms="191" status="PASS">
          <reporter-output>
          </reporter-output>
        </test-method> <!-- tearDown -->
        <test-method is-config="true" signature="launchApplication()[pri:0, instance:automationSuite.tests.TestSuite_Regression_Suite2@40238dd0]" started-at="2024-03-31T10:52:21 IST" name="launchApplication" finished-at="2024-03-31T10:52:26 IST" duration-ms="5241" status="PASS">
          <reporter-output>
          </reporter-output>
        </test-method> <!-- launchApplication -->
        <test-method signature="TC59_Register_ValidEmailInvalidPassword()[pri:0, instance:automationSuite.tests.TestSuite_Regression_Suite2@40238dd0]" started-at="2024-03-31T10:52:26 IST" name="TC59_Register_ValidEmailInvalidPassword" finished-at="2024-03-31T10:52:28 IST" duration-ms="2146" status="PASS">
          <reporter-output>
          </reporter-output>
        </test-method> <!-- TC59_Register_ValidEmailInvalidPassword -->
        <test-method is-config="true" signature="tearDown()[pri:0, instance:automationSuite.tests.TestSuite_Regression_Suite2@40238dd0]" started-at="2024-03-31T10:52:28 IST" name="tearDown" finished-at="2024-03-31T10:52:28 IST" duration-ms="124" status="PASS">
          <reporter-output>
          </reporter-output>
        </test-method> <!-- tearDown -->
        <test-method is-config="true" signature="launchApplication()[pri:0, instance:automationSuite.tests.TestSuite_Regression_Suite2@40238dd0]" started-at="2024-03-31T10:52:28 IST" name="launchApplication" finished-at="2024-03-31T10:52:33 IST" duration-ms="4928" status="PASS">
          <reporter-output>
          </reporter-output>
        </test-method> <!-- launchApplication -->
        <test-method signature="TC60_Register_OnlyLastName()[pri:0, instance:automationSuite.tests.TestSuite_Regression_Suite2@40238dd0]" started-at="2024-03-31T10:52:33 IST" name="TC60_Register_OnlyLastName" finished-at="2024-03-31T10:52:35 IST" duration-ms="1650" status="PASS">
          <reporter-output>
          </reporter-output>
        </test-method> <!-- TC60_Register_OnlyLastName -->
        <test-method is-config="true" signature="tearDown()[pri:0, instance:automationSuite.tests.TestSuite_Regression_Suite2@40238dd0]" started-at="2024-03-31T10:52:35 IST" name="tearDown" finished-at="2024-03-31T10:52:35 IST" duration-ms="149" status="PASS">
          <reporter-output>
          </reporter-output>
        </test-method> <!-- tearDown -->
        <test-method is-config="true" signature="launchApplication()[pri:0, instance:automationSuite.tests.TestSuite_Regression_Suite2@40238dd0]" started-at="2024-03-31T10:52:35 IST" name="launchApplication" finished-at="2024-03-31T10:52:41 IST" duration-ms="5657" status="PASS">
          <reporter-output>
          </reporter-output>
        </test-method> <!-- launchApplication -->
        <test-method signature="TC61_Register_OnlyEmail()[pri:0, instance:automationSuite.tests.TestSuite_Regression_Suite2@40238dd0]" started-at="2024-03-31T10:52:41 IST" name="TC61_Register_OnlyEmail" finished-at="2024-03-31T10:52:42 IST" duration-ms="1691" status="PASS">
          <reporter-output>
          </reporter-output>
        </test-method> <!-- TC61_Register_OnlyEmail -->
        <test-method is-config="true" signature="tearDown()[pri:0, instance:automationSuite.tests.TestSuite_Regression_Suite2@40238dd0]" started-at="2024-03-31T10:52:42 IST" name="tearDown" finished-at="2024-03-31T10:52:42 IST" duration-ms="122" status="PASS">
          <reporter-output>
          </reporter-output>
        </test-method> <!-- tearDown -->
        <test-method is-config="true" signature="launchApplication()[pri:0, instance:automationSuite.tests.TestSuite_Regression_Suite2@40238dd0]" started-at="2024-03-31T10:52:42 IST" name="launchApplication" finished-at="2024-03-31T10:52:47 IST" duration-ms="4797" status="PASS">
          <reporter-output>
          </reporter-output>
        </test-method> <!-- launchApplication -->
        <test-method signature="TC62_Register_OnlyEmailAndPassword()[pri:0, instance:automationSuite.tests.TestSuite_Regression_Suite2@40238dd0]" started-at="2024-03-31T10:52:47 IST" name="TC62_Register_OnlyEmailAndPassword" finished-at="2024-03-31T10:52:49 IST" duration-ms="1865" status="PASS">
          <reporter-output>
          </reporter-output>
        </test-method> <!-- TC62_Register_OnlyEmailAndPassword -->
        <test-method is-config="true" signature="tearDown()[pri:0, instance:automationSuite.tests.TestSuite_Regression_Suite2@40238dd0]" started-at="2024-03-31T10:52:49 IST" name="tearDown" finished-at="2024-03-31T10:52:49 IST" duration-ms="136" status="PASS">
          <reporter-output>
          </reporter-output>
        </test-method> <!-- tearDown -->
        <test-method is-config="true" signature="launchApplication()[pri:0, instance:automationSuite.tests.TestSuite_Regression_Suite2@40238dd0]" started-at="2024-03-31T10:52:49 IST" name="launchApplication" finished-at="2024-03-31T10:52:54 IST" duration-ms="4707" status="PASS">
          <reporter-output>
          </reporter-output>
        </test-method> <!-- launchApplication -->
        <test-method signature="TC63_Register_OnlyEmailMissing()[pri:0, instance:automationSuite.tests.TestSuite_Regression_Suite2@40238dd0]" started-at="2024-03-31T10:52:54 IST" name="TC63_Register_OnlyEmailMissing" finished-at="2024-03-31T10:52:56 IST" duration-ms="2150" status="PASS">
          <reporter-output>
          </reporter-output>
        </test-method> <!-- TC63_Register_OnlyEmailMissing -->
        <test-method is-config="true" signature="tearDown()[pri:0, instance:automationSuite.tests.TestSuite_Regression_Suite2@40238dd0]" started-at="2024-03-31T10:52:56 IST" name="tearDown" finished-at="2024-03-31T10:52:56 IST" duration-ms="143" status="PASS">
          <reporter-output>
          </reporter-output>
        </test-method> <!-- tearDown -->
        <test-method is-config="true" signature="launchApplication()[pri:0, instance:automationSuite.tests.TestSuite_Regression_Suite2@40238dd0]" started-at="2024-03-31T10:52:56 IST" name="launchApplication" finished-at="2024-03-31T10:53:01 IST" duration-ms="4833" status="PASS">
          <reporter-output>
          </reporter-output>
        </test-method> <!-- launchApplication -->
        <test-method signature="TC64_Register_OnlyPasswordsMissing()[pri:0, instance:automationSuite.tests.TestSuite_Regression_Suite2@40238dd0]" started-at="2024-03-31T10:53:01 IST" name="TC64_Register_OnlyPasswordsMissing" finished-at="2024-03-31T10:53:03 IST" duration-ms="1937" status="PASS">
          <reporter-output>
          </reporter-output>
        </test-method> <!-- TC64_Register_OnlyPasswordsMissing -->
        <test-method is-config="true" signature="tearDown()[pri:0, instance:automationSuite.tests.TestSuite_Regression_Suite2@40238dd0]" started-at="2024-03-31T10:53:03 IST" name="tearDown" finished-at="2024-03-31T10:53:03 IST" duration-ms="125" status="PASS">
          <reporter-output>
          </reporter-output>
        </test-method> <!-- tearDown -->
        <test-method is-config="true" signature="launchApplication()[pri:0, instance:automationSuite.tests.TestSuite_Regression_Suite2@40238dd0]" started-at="2024-03-31T10:53:03 IST" name="launchApplication" finished-at="2024-03-31T10:53:08 IST" duration-ms="4648" status="PASS">
          <reporter-output>
          </reporter-output>
        </test-method> <!-- launchApplication -->
        <test-method signature="TC65_Register_OnlyConfirmPasswordMissing()[pri:0, instance:automationSuite.tests.TestSuite_Regression_Suite2@40238dd0]" started-at="2024-03-31T10:53:08 IST" name="TC65_Register_OnlyConfirmPasswordMissing" finished-at="2024-03-31T10:53:10 IST" duration-ms="2039" status="PASS">
          <reporter-output>
          </reporter-output>
        </test-method> <!-- TC65_Register_OnlyConfirmPasswordMissing -->
        <test-method is-config="true" signature="tearDown()[pri:0, instance:automationSuite.tests.TestSuite_Regression_Suite2@40238dd0]" started-at="2024-03-31T10:53:10 IST" name="tearDown" finished-at="2024-03-31T10:53:10 IST" duration-ms="140" status="PASS">
          <reporter-output>
          </reporter-output>
        </test-method> <!-- tearDown -->
        <test-method is-config="true" signature="launchApplication()[pri:0, instance:automationSuite.tests.TestSuite_Regression_Suite2@40238dd0]" started-at="2024-03-31T10:53:10 IST" name="launchApplication" finished-at="2024-03-31T10:53:15 IST" duration-ms="5373" status="PASS">
          <reporter-output>
          </reporter-output>
        </test-method> <!-- launchApplication -->
        <test-method signature="TC66_Register_OnlyUserNameMissing()[pri:0, instance:automationSuite.tests.TestSuite_Regression_Suite2@40238dd0]" started-at="2024-03-31T10:53:15 IST" name="TC66_Register_OnlyUserNameMissing" finished-at="2024-03-31T10:53:19 IST" duration-ms="3186" status="PASS">
          <reporter-output>
          </reporter-output>
        </test-method> <!-- TC66_Register_OnlyUserNameMissing -->
        <test-method is-config="true" signature="tearDown()[pri:0, instance:automationSuite.tests.TestSuite_Regression_Suite2@40238dd0]" started-at="2024-03-31T10:53:19 IST" name="tearDown" finished-at="2024-03-31T10:53:19 IST" duration-ms="217" status="PASS">
          <reporter-output>
          </reporter-output>
        </test-method> <!-- tearDown -->
        <test-method is-config="true" signature="launchApplication()[pri:0, instance:automationSuite.tests.TestSuite_Regression_Suite2@40238dd0]" started-at="2024-03-31T10:53:19 IST" name="launchApplication" finished-at="2024-03-31T10:53:24 IST" duration-ms="5578" status="PASS">
          <reporter-output>
          </reporter-output>
        </test-method> <!-- launchApplication -->
        <test-method signature="TC67_Register_OnlyLastnameMissing()[pri:0, instance:automationSuite.tests.TestSuite_Regression_Suite2@40238dd0]" started-at="2024-03-31T10:53:24 IST" name="TC67_Register_OnlyLastnameMissing" finished-at="2024-03-31T10:53:27 IST" duration-ms="2390" status="PASS">
          <reporter-output>
          </reporter-output>
        </test-method> <!-- TC67_Register_OnlyLastnameMissing -->
        <test-method is-config="true" signature="tearDown()[pri:0, instance:automationSuite.tests.TestSuite_Regression_Suite2@40238dd0]" started-at="2024-03-31T10:53:27 IST" name="tearDown" finished-at="2024-03-31T10:53:27 IST" duration-ms="235" status="PASS">
          <reporter-output>
          </reporter-output>
        </test-method> <!-- tearDown -->
        <test-method is-config="true" signature="launchApplication()[pri:0, instance:automationSuite.tests.TestSuite_Regression_Suite2@40238dd0]" started-at="2024-03-31T10:53:27 IST" name="launchApplication" finished-at="2024-03-31T10:53:32 IST" duration-ms="5083" status="PASS">
          <reporter-output>
          </reporter-output>
        </test-method> <!-- launchApplication -->
        <test-method signature="TC68_Register_WithAlreadyRegisteredUser()[pri:0, instance:automationSuite.tests.TestSuite_Regression_Suite2@40238dd0]" started-at="2024-03-31T10:53:32 IST" name="TC68_Register_WithAlreadyRegisteredUser" finished-at="2024-03-31T10:53:35 IST" duration-ms="3391" status="PASS">
          <reporter-output>
          </reporter-output>
        </test-method> <!-- TC68_Register_WithAlreadyRegisteredUser -->
        <test-method is-config="true" signature="tearDown()[pri:0, instance:automationSuite.tests.TestSuite_Regression_Suite2@40238dd0]" started-at="2024-03-31T10:53:35 IST" name="tearDown" finished-at="2024-03-31T10:53:36 IST" duration-ms="119" status="PASS">
          <reporter-output>
          </reporter-output>
        </test-method> <!-- tearDown -->
        <test-method is-config="true" signature="launchApplication()[pri:0, instance:automationSuite.tests.TestSuite_Regression_Suite2@40238dd0]" started-at="2024-03-31T10:53:36 IST" name="launchApplication" finished-at="2024-03-31T10:53:41 IST" duration-ms="5578" status="PASS">
          <reporter-output>
          </reporter-output>
        </test-method> <!-- launchApplication -->
        <test-method signature="TC69_Register_CheckIfUserIsAbleToSelectGender()[pri:0, instance:automationSuite.tests.TestSuite_Regression_Suite2@40238dd0]" started-at="2024-03-31T10:53:41 IST" name="TC69_Register_CheckIfUserIsAbleToSelectGender" finished-at="2024-03-31T10:53:43 IST" duration-ms="1444" status="PASS">
          <reporter-output>
          </reporter-output>
        </test-method> <!-- TC69_Register_CheckIfUserIsAbleToSelectGender -->
        <test-method is-config="true" signature="tearDown()[pri:0, instance:automationSuite.tests.TestSuite_Regression_Suite2@40238dd0]" started-at="2024-03-31T10:53:43 IST" name="tearDown" finished-at="2024-03-31T10:53:43 IST" duration-ms="127" status="PASS">
          <reporter-output>
          </reporter-output>
        </test-method> <!-- tearDown -->
        <test-method is-config="true" signature="launchApplication()[pri:0, instance:automationSuite.tests.TestSuite_Regression_Suite2@40238dd0]" started-at="2024-03-31T10:53:43 IST" name="launchApplication" finished-at="2024-03-31T10:53:48 IST" duration-ms="5195" status="PASS">
          <reporter-output>
          </reporter-output>
        </test-method> <!-- launchApplication -->
        <test-method signature="TC71_MainPage_SubscribeWithInvalidEmail()[pri:0, instance:automationSuite.tests.TestSuite_Regression_Suite2@40238dd0]" started-at="2024-03-31T10:53:48 IST" name="TC71_MainPage_SubscribeWithInvalidEmail" finished-at="2024-03-31T10:53:49 IST" duration-ms="984" status="PASS">
          <reporter-output>
          </reporter-output>
        </test-method> <!-- TC71_MainPage_SubscribeWithInvalidEmail -->
        <test-method is-config="true" signature="tearDown()[pri:0, instance:automationSuite.tests.TestSuite_Regression_Suite2@40238dd0]" started-at="2024-03-31T10:53:49 IST" name="tearDown" finished-at="2024-03-31T10:53:49 IST" duration-ms="214" status="PASS">
          <reporter-output>
          </reporter-output>
        </test-method> <!-- tearDown -->
        <test-method is-config="true" signature="launchApplication()[pri:0, instance:automationSuite.tests.TestSuite_Regression_Suite2@40238dd0]" started-at="2024-03-31T10:53:49 IST" name="launchApplication" finished-at="2024-03-31T10:53:54 IST" duration-ms="4898" status="PASS">
          <reporter-output>
          </reporter-output>
        </test-method> <!-- launchApplication -->
        <test-method signature="TC72_MainPage_SubscribeWithValidEmail()[pri:0, instance:automationSuite.tests.TestSuite_Regression_Suite2@40238dd0]" started-at="2024-03-31T10:53:54 IST" name="TC72_MainPage_SubscribeWithValidEmail" finished-at="2024-03-31T10:53:55 IST" duration-ms="949" status="PASS">
          <reporter-output>
          </reporter-output>
        </test-method> <!-- TC72_MainPage_SubscribeWithValidEmail -->
        <test-method is-config="true" signature="tearDown()[pri:0, instance:automationSuite.tests.TestSuite_Regression_Suite2@40238dd0]" started-at="2024-03-31T10:53:55 IST" name="tearDown" finished-at="2024-03-31T10:53:55 IST" duration-ms="152" status="PASS">
          <reporter-output>
          </reporter-output>
        </test-method> <!-- tearDown -->
        <test-method is-config="true" signature="launchApplication()[pri:0, instance:automationSuite.tests.TestSuite_Regression_Suite2@40238dd0]" started-at="2024-03-31T10:53:55 IST" name="launchApplication" finished-at="2024-03-31T10:54:00 IST" duration-ms="5098" status="PASS">
          <reporter-output>
          </reporter-output>
        </test-method> <!-- launchApplication -->
        <test-method signature="TC73_LoginPage_ForgetPasswordWithRegisteredEmail()[pri:0, instance:automationSuite.tests.TestSuite_Regression_Suite2@40238dd0]" started-at="2024-03-31T10:54:00 IST" name="TC73_LoginPage_ForgetPasswordWithRegisteredEmail" finished-at="2024-03-31T10:54:04 IST" duration-ms="4093" status="PASS">
          <reporter-output>
          </reporter-output>
        </test-method> <!-- TC73_LoginPage_ForgetPasswordWithRegisteredEmail -->
        <test-method is-config="true" signature="tearDown()[pri:0, instance:automationSuite.tests.TestSuite_Regression_Suite2@40238dd0]" started-at="2024-03-31T10:54:04 IST" name="tearDown" finished-at="2024-03-31T10:54:04 IST" duration-ms="176" status="PASS">
          <reporter-output>
          </reporter-output>
        </test-method> <!-- tearDown -->
        <test-method is-config="true" signature="launchApplication()[pri:0, instance:automationSuite.tests.TestSuite_Regression_Suite2@40238dd0]" started-at="2024-03-31T10:54:04 IST" name="launchApplication" finished-at="2024-03-31T10:54:10 IST" duration-ms="5078" status="PASS">
          <reporter-output>
          </reporter-output>
        </test-method> <!-- launchApplication -->
        <test-method signature="TC74_LoginPage_RegisteredEmailBlankPassword()[pri:0, instance:automationSuite.tests.TestSuite_Regression_Suite2@40238dd0]" started-at="2024-03-31T10:54:10 IST" name="TC74_LoginPage_RegisteredEmailBlankPassword" finished-at="2024-03-31T10:54:13 IST" duration-ms="2996" status="PASS">
          <reporter-output>
          </reporter-output>
        </test-method> <!-- TC74_LoginPage_RegisteredEmailBlankPassword -->
        <test-method is-config="true" signature="tearDown()[pri:0, instance:automationSuite.tests.TestSuite_Regression_Suite2@40238dd0]" started-at="2024-03-31T10:54:13 IST" name="tearDown" finished-at="2024-03-31T10:54:13 IST" duration-ms="127" status="PASS">
          <reporter-output>
          </reporter-output>
        </test-method> <!-- tearDown -->
        <test-method is-config="true" signature="launchApplication()[pri:0, instance:automationSuite.tests.TestSuite_Regression_Suite2@40238dd0]" started-at="2024-03-31T10:54:13 IST" name="launchApplication" finished-at="2024-03-31T10:54:18 IST" duration-ms="4867" status="PASS">
          <reporter-output>
          </reporter-output>
        </test-method> <!-- launchApplication -->
        <test-method signature="TC75_LoginPage_LoginSuccessful()[pri:0, instance:automationSuite.tests.TestSuite_Regression_Suite2@40238dd0]" started-at="2024-03-31T10:54:18 IST" name="TC75_LoginPage_LoginSuccessful" finished-at="2024-03-31T10:54:22 IST" duration-ms="4151" status="PASS">
          <reporter-output>
          </reporter-output>
        </test-method> <!-- TC75_LoginPage_LoginSuccessful -->
        <test-method is-config="true" signature="tearDown()[pri:0, instance:automationSuite.tests.TestSuite_Regression_Suite2@40238dd0]" started-at="2024-03-31T10:54:22 IST" name="tearDown" finished-at="2024-03-31T10:54:22 IST" duration-ms="150" status="PASS">
          <reporter-output>
          </reporter-output>
        </test-method> <!-- tearDown -->
        <test-method is-config="true" signature="launchApplication()[pri:0, instance:automationSuite.tests.TestSuite_Regression_Suite2@40238dd0]" started-at="2024-03-31T10:54:22 IST" name="launchApplication" finished-at="2024-03-31T10:54:27 IST" duration-ms="5204" status="PASS">
          <reporter-output>
          </reporter-output>
        </test-method> <!-- launchApplication -->
        <test-method signature="TC76_LoginPage_LoginSuccessfulWithRememberMe()[pri:0, instance:automationSuite.tests.TestSuite_Regression_Suite2@40238dd0]" started-at="2024-03-31T10:54:27 IST" name="TC76_LoginPage_LoginSuccessfulWithRememberMe" finished-at="2024-03-31T10:54:30 IST" duration-ms="3388" status="PASS">
          <reporter-output>
          </reporter-output>
        </test-method> <!-- TC76_LoginPage_LoginSuccessfulWithRememberMe -->
        <test-method is-config="true" signature="tearDown()[pri:0, instance:automationSuite.tests.TestSuite_Regression_Suite2@40238dd0]" started-at="2024-03-31T10:54:30 IST" name="tearDown" finished-at="2024-03-31T10:54:31 IST" duration-ms="116" status="PASS">
          <reporter-output>
          </reporter-output>
        </test-method> <!-- tearDown -->
        <test-method is-config="true" signature="launchApplication()[pri:0, instance:automationSuite.tests.TestSuite_Regression_Suite2@40238dd0]" started-at="2024-03-31T10:54:31 IST" name="launchApplication" finished-at="2024-03-31T10:54:36 IST" duration-ms="4947" status="PASS">
          <reporter-output>
          </reporter-output>
        </test-method> <!-- launchApplication -->
        <test-method signature="TC77_LoginPage_LogoutSuccessful()[pri:0, instance:automationSuite.tests.TestSuite_Regression_Suite2@40238dd0]" started-at="2024-03-31T10:54:36 IST" name="TC77_LoginPage_LogoutSuccessful" finished-at="2024-03-31T10:54:41 IST" duration-ms="5215" status="PASS">
          <reporter-output>
          </reporter-output>
        </test-method> <!-- TC77_LoginPage_LogoutSuccessful -->
        <test-method is-config="true" signature="tearDown()[pri:0, instance:automationSuite.tests.TestSuite_Regression_Suite2@40238dd0]" started-at="2024-03-31T10:54:41 IST" name="tearDown" finished-at="2024-03-31T10:54:41 IST" duration-ms="136" status="PASS">
          <reporter-output>
          </reporter-output>
        </test-method> <!-- tearDown -->
        <test-method is-config="true" signature="launchApplication()[pri:0, instance:automationSuite.tests.TestSuite_Regression_Suite2@40238dd0]" started-at="2024-03-31T10:54:41 IST" name="launchApplication" finished-at="2024-03-31T10:54:46 IST" duration-ms="4879" status="PASS">
          <reporter-output>
          </reporter-output>
        </test-method> <!-- launchApplication -->
        <test-method signature="TC78_CartPageInvalidDiscountCode()[pri:0, instance:automationSuite.tests.TestSuite_Regression_Suite2@40238dd0]" started-at="2024-03-31T10:54:46 IST" name="TC78_CartPageInvalidDiscountCode" finished-at="2024-03-31T10:54:54 IST" duration-ms="8490" status="PASS">
          <reporter-output>
          </reporter-output>
        </test-method> <!-- TC78_CartPageInvalidDiscountCode -->
        <test-method is-config="true" signature="tearDown()[pri:0, instance:automationSuite.tests.TestSuite_Regression_Suite2@40238dd0]" started-at="2024-03-31T10:54:54 IST" name="tearDown" finished-at="2024-03-31T10:54:54 IST" duration-ms="149" status="PASS">
          <reporter-output>
          </reporter-output>
        </test-method> <!-- tearDown -->
        <test-method is-config="true" signature="launchApplication()[pri:0, instance:automationSuite.tests.TestSuite_Regression_Suite2@40238dd0]" started-at="2024-03-31T10:54:54 IST" name="launchApplication" finished-at="2024-03-31T10:54:59 IST" duration-ms="4882" status="PASS">
          <reporter-output>
          </reporter-output>
        </test-method> <!-- launchApplication -->
        <test-method signature="TC79_CartPageInvalidGiftCard()[pri:0, instance:automationSuite.tests.TestSuite_Regression_Suite2@40238dd0]" started-at="2024-03-31T10:54:59 IST" name="TC79_CartPageInvalidGiftCard" finished-at="2024-03-31T10:55:10 IST" duration-ms="11169" status="PASS">
          <reporter-output>
          </reporter-output>
        </test-method> <!-- TC79_CartPageInvalidGiftCard -->
        <test-method is-config="true" signature="tearDown()[pri:0, instance:automationSuite.tests.TestSuite_Regression_Suite2@40238dd0]" started-at="2024-03-31T10:55:10 IST" name="tearDown" finished-at="2024-03-31T10:55:11 IST" duration-ms="140" status="PASS">
          <reporter-output>
          </reporter-output>
        </test-method> <!-- tearDown -->
        <test-method is-config="true" signature="launchApplication()[pri:0, instance:automationSuite.tests.TestSuite_Regression_Suite2@40238dd0]" started-at="2024-03-31T10:55:11 IST" name="launchApplication" finished-at="2024-03-31T10:55:16 IST" duration-ms="5071" status="PASS">
          <reporter-output>
          </reporter-output>
        </test-method> <!-- launchApplication -->
        <test-method signature="TC80_User_CheckShoppingCartCountAfterAddingProduct()[pri:0, instance:automationSuite.tests.TestSuite_Regression_Suite2@40238dd0]" started-at="2024-03-31T10:55:16 IST" name="TC80_User_CheckShoppingCartCountAfterAddingProduct" finished-at="2024-03-31T10:55:22 IST" duration-ms="6616" status="PASS">
          <reporter-output>
          </reporter-output>
        </test-method> <!-- TC80_User_CheckShoppingCartCountAfterAddingProduct -->
        <test-method is-config="true" signature="tearDown()[pri:0, instance:automationSuite.tests.TestSuite_Regression_Suite2@40238dd0]" started-at="2024-03-31T10:55:22 IST" name="tearDown" finished-at="2024-03-31T10:55:22 IST" duration-ms="215" status="PASS">
          <reporter-output>
          </reporter-output>
        </test-method> <!-- tearDown -->
        <test-method is-config="true" signature="launchApplication()[pri:0, instance:automationSuite.tests.TestSuite_Regression_Suite2@40238dd0]" started-at="2024-03-31T10:55:22 IST" name="launchApplication" finished-at="2024-03-31T10:55:27 IST" duration-ms="4927" status="PASS">
          <reporter-output>
          </reporter-output>
        </test-method> <!-- launchApplication -->
        <test-method signature="TC81_User_NavigateFromGoToCart()[pri:0, instance:automationSuite.tests.TestSuite_Regression_Suite2@40238dd0]" started-at="2024-03-31T10:55:27 IST" name="TC81_User_NavigateFromGoToCart" finished-at="2024-03-31T10:55:36 IST" duration-ms="8446" status="PASS">
          <reporter-output>
          </reporter-output>
        </test-method> <!-- TC81_User_NavigateFromGoToCart -->
        <test-method is-config="true" signature="tearDown()[pri:0, instance:automationSuite.tests.TestSuite_Regression_Suite2@40238dd0]" started-at="2024-03-31T10:55:36 IST" name="tearDown" finished-at="2024-03-31T10:55:36 IST" duration-ms="160" status="PASS">
          <reporter-output>
          </reporter-output>
        </test-method> <!-- tearDown -->
      </class> <!-- automationSuite.tests.TestSuite_Regression_Suite2 -->
    </test> <!-- Test -->
  </suite> <!-- Suite -->
</testng-results>
